Feb 07, 2016 11:01:35 AM org.apache.catalina.core.StandardContext reload
INFO: Reloading Context with name [/csj] has started
Feb 07, 2016 11:01:36 AM org.apache.catalina.core.StandardContext reload
INFO: Reloading Context with name [/csj] is completed
Feb 07, 2016 11:32:14 AM org.apache.catalina.core.StandardContext reload
INFO: Reloading Context with name [/csj] has started
Feb 07, 2016 11:32:14 AM org.apache.catalina.core.StandardContext reload
INFO: Reloading Context with name [/csj] is completed
Feb 07, 2016 11:40:36 AM org.apache.catalina.core.StandardContext reload
INFO: Reloading Context with name [/csj] has started
Feb 07, 2016 11:40:37 AM org.apache.catalina.core.StandardContext reload
INFO: Reloading Context with name [/csj] is completed
Feb 07, 2016 11:42:28 AM org.apache.catalina.core.StandardContext reload
INFO: Reloading Context with name [/csj] has started
Feb 07, 2016 11:42:28 AM org.apache.catalina.core.StandardContext reload
INFO: Reloading Context with name [/csj] is completed
Feb 07, 2016 11:52:51 AM org.apache.catalina.core.StandardContext reload
INFO: Reloading Context with name [/csj] has started
Feb 07, 2016 11:52:51 AM org.apache.catalina.core.StandardContext reload
INFO: Reloading Context with name [/csj] is completed
Feb 07, 2016 11:55:02 AM org.apache.catalina.core.StandardContext reload
INFO: Reloading Context with name [/csj] has started
Feb 07, 2016 11:55:02 AM org.apache.catalina.core.StandardContext reload
INFO: Reloading Context with name [/csj] is completed
Feb 07, 2016 11:58:34 AM org.apache.catalina.core.StandardContext reload
INFO: Reloading Context with name [/csj] has started
Feb 07, 2016 11:58:34 AM org.apache.catalina.core.StandardContext reload
INFO: Reloading Context with name [/csj] is completed
Feb 07, 2016 12:01:45 PM org.apache.catalina.core.StandardContext reload
INFO: Reloading Context with name [/csj] has started
Feb 07, 2016 12:01:45 PM org.apache.catalina.core.StandardContext reload
INFO: Reloading Context with name [/csj] is completed
Feb 07, 2016 12:04:16 PM org.apache.catalina.core.StandardContext reload
INFO: Reloading Context with name [/csj] has started
Feb 07, 2016 12:04:16 PM org.apache.catalina.core.StandardContext reload
INFO: Reloading Context with name [/csj] is completed
Feb 07, 2016 12:07:17 PM org.apache.catalina.core.StandardContext reload
INFO: Reloading Context with name [/csj] has started
Feb 07, 2016 12:07:18 PM org.apache.catalina.core.StandardContext reload
INFO: Reloading Context with name [/csj] is completed
Feb 07, 2016 12:08:58 PM org.apache.catalina.core.StandardContext reload
INFO: Reloading Context with name [/csj] has started
Feb 07, 2016 12:08:59 PM org.apache.catalina.core.StandardContext reload
INFO: Reloading Context with name [/csj] is completed
Feb 07, 2016 12:11:09 PM org.apache.catalina.core.StandardContext reload
INFO: Reloading Context with name [/csj] has started
Feb 07, 2016 12:11:10 PM org.apache.catalina.core.StandardContext reload
INFO: Reloading Context with name [/csj] is completed
Feb 07, 2016 12:13:10 PM org.apache.catalina.core.StandardContext reload
INFO: Reloading Context with name [/csj] has started
Feb 07, 2016 12:13:11 PM org.apache.catalina.core.StandardContext reload
INFO: Reloading Context with name [/csj] is completed
Feb 07, 2016 12:15:31 PM org.apache.catalina.core.StandardContext reload
INFO: Reloading Context with name [/csj] has started
Feb 07, 2016 12:15:32 PM org.apache.catalina.core.StandardContext reload
INFO: Reloading Context with name [/csj] is completed
Feb 07, 2016 12:16:52 PM org.apache.catalina.core.StandardContext reload
INFO: Reloading Context with name [/csj] has started
Feb 07, 2016 12:16:53 PM org.apache.catalina.core.StandardContext reload
INFO: Reloading Context with name [/csj] is completed
Feb 07, 2016 12:17:33 PM org.apache.catalina.core.StandardContext reload
INFO: Reloading Context with name [/csj] has started
Feb 07, 2016 12:17:33 PM org.apache.catalina.core.StandardContext reload
INFO: Reloading Context with name [/csj] is completed
Feb 07, 2016 12:21:44 PM org.apache.catalina.core.StandardContext reload
INFO: Reloading Context with name [/csj] has started
Feb 07, 2016 12:21:45 PM org.apache.catalina.core.StandardContext reload
INFO: Reloading Context with name [/csj] is completed
Feb 07, 2016 2:23:51 PM org.apache.catalina.core.StandardContext reload
INFO: Reloading Context with name [/csj] has started
Feb 07, 2016 2:23:51 PM org.apache.catalina.core.StandardContext reload
INFO: Reloading Context with name [/csj] is completed
Feb 07, 2016 2:34:04 PM org.apache.catalina.core.StandardContext reload
INFO: Reloading Context with name [/csj] has started
Feb 07, 2016 2:34:05 PM org.apache.catalina.core.StandardContext reload
INFO: Reloading Context with name [/csj] is completed
Feb 07, 2016 2:37:26 PM org.apache.catalina.core.StandardContext reload
INFO: Reloading Context with name [/csj] has started
Feb 07, 2016 2:37:26 PM org.apache.catalina.core.StandardContext reload
INFO: Reloading Context with name [/csj] is completed
Feb 07, 2016 2:38:36 PM org.apache.catalina.core.StandardContext reload
INFO: Reloading Context with name [/csj] has started
Feb 07, 2016 2:38:37 PM org.apache.catalina.core.StandardContext reload
INFO: Reloading Context with name [/csj] is completed
Feb 07, 2016 2:41:17 PM org.apache.catalina.core.StandardContext reload
INFO: Reloading Context with name [/csj] has started
Feb 07, 2016 2:41:18 PM org.apache.catalina.core.StandardContext reload
INFO: Reloading Context with name [/csj] is completed
Feb 07, 2016 2:42:59 PM org.apache.catalina.core.StandardContext reload
INFO: Reloading Context with name [/csj] has started
Feb 07, 2016 2:42:59 PM org.apache.catalina.core.StandardContext reload
INFO: Reloading Context with name [/csj] is completed
Feb 07, 2016 2:44:40 PM org.apache.catalina.core.StandardContext reload
INFO: Reloading Context with name [/csj] has started
Feb 07, 2016 2:44:40 PM org.apache.catalina.core.StandardContext reload
INFO: Reloading Context with name [/csj] is completed
Feb 07, 2016 2:47:41 PM org.apache.catalina.core.StandardContext reload
INFO: Reloading Context with name [/csj] has started
Feb 07, 2016 2:47:41 PM org.apache.catalina.core.StandardContext reload
INFO: Reloading Context with name [/csj] is completed
Feb 07, 2016 3:11:18 PM org.apache.catalina.core.StandardContext reload
INFO: Reloading Context with name [/csj] has started
Feb 07, 2016 3:11:19 PM org.apache.catalina.core.StandardContext reload
INFO: Reloading Context with name [/csj] is completed
Feb 07, 2016 3:34:05 PM org.apache.catalina.core.StandardContext reload
INFO: Reloading Context with name [/csj] has started
Feb 07, 2016 3:34:06 PM org.apache.catalina.core.StandardContext reload
INFO: Reloading Context with name [/csj] is completed
Feb 07, 2016 3:58:33 PM org.apache.catalina.core.StandardContext reload
INFO: Reloading Context with name [/csj] has started
Feb 07, 2016 3:58:33 PM org.apache.catalina.core.StandardContext reload
INFO: Reloading Context with name [/csj] is completed
Feb 07, 2016 4:10:47 PM org.apache.catalina.core.StandardContext reload
INFO: Reloading Context with name [/csj] has started
Feb 07, 2016 4:10:47 PM org.apache.catalina.core.StandardContext reload
INFO: Reloading Context with name [/csj] is completed
Feb 07, 2016 7:51:47 PM org.apache.catalina.core.StandardContext reload
INFO: Reloading Context with name [/csj] has started
Feb 07, 2016 7:51:48 PM org.apache.catalina.core.StandardContext reload
INFO: Reloading Context with name [/csj] is completed
Feb 07, 2016 7:53:48 PM org.apache.catalina.core.StandardContext reload
INFO: Reloading Context with name [/csj] has started
Feb 07, 2016 7:53:49 PM org.apache.catalina.core.StandardContext reload
INFO: Reloading Context with name [/csj] is completed
Feb 07, 2016 8:18:04 PM org.apache.catalina.core.StandardContext reload
INFO: Reloading Context with name [/csj] has started
Feb 07, 2016 8:18:08 PM org.apache.catalina.loader.WebappClassLoader clearReferencesThreads
SEVERE: The web application [/csj] is still processing a request that has yet to finish. This is very likely to create a memory leak. You can control the time allowed for requests to finish by using the unloadDelay attribute of the standard Context implementation.
Feb 07, 2016 8:18:08 PM org.apache.catalina.loader.WebappClassLoader clearReferencesThreads
SEVERE: The web application [/csj] is still processing a request that has yet to finish. This is very likely to create a memory leak. You can control the time allowed for requests to finish by using the unloadDelay attribute of the standard Context implementation.
Feb 07, 2016 8:18:08 PM org.apache.catalina.loader.WebappClassLoader clearReferencesThreads
SEVERE: The web application [/csj] is still processing a request that has yet to finish. This is very likely to create a memory leak. You can control the time allowed for requests to finish by using the unloadDelay attribute of the standard Context implementation.
Feb 07, 2016 8:18:08 PM org.apache.catalina.core.StandardContext reload
INFO: Reloading Context with name [/csj] is completed
Feb 07, 2016 8:58:55 PM org.apache.catalina.core.StandardContext reload
INFO: Reloading Context with name [/csj] has started
Feb 07, 2016 8:58:55 PM org.apache.catalina.core.StandardContext reload
INFO: Reloading Context with name [/csj] is completed
Feb 07, 2016 9:32:41 PM org.apache.catalina.core.StandardContext reload
INFO: Reloading Context with name [/csj] has started
Feb 07, 2016 9:32:42 PM org.apache.catalina.core.StandardContext reload
INFO: Reloading Context with name [/csj] is completed
Feb 07, 2016 9:35:42 PM org.apache.catalina.core.StandardContext reload
INFO: Reloading Context with name [/csj] has started
Feb 07, 2016 9:35:44 PM org.apache.catalina.loader.WebappClassLoader clearReferencesThreads
SEVERE: The web application [/csj] is still processing a request that has yet to finish. This is very likely to create a memory leak. You can control the time allowed for requests to finish by using the unloadDelay attribute of the standard Context implementation.
Feb 07, 2016 9:35:45 PM org.apache.catalina.core.StandardContext reload
INFO: Reloading Context with name [/csj] is completed
Feb 07, 2016 9:42:06 PM org.apache.catalina.core.StandardContext reload
INFO: Reloading Context with name [/csj] has started
Feb 07, 2016 9:42:07 PM org.apache.catalina.core.StandardContext reload
INFO: Reloading Context with name [/csj] is completed
