Jan 06, 2016 11:16:46 PM org.apache.catalina.core.AprLifecycleListener init
INFO: The APR based Apache Tomcat Native library which allows optimal performance in production environments was not found on the java.library.path: C:\Java\jdk1.7.0_79\bin;C:\WINDOWS\Sun\Java\bin;C:\WINDOWS\system32;C:\WINDOWS;"C:\Java\jdk1.7.0_79\bin";"C:\Java\jdk1.7\bin";"C:\jdk1.7\bin";C:\PROGRA~2\Fiery\APPLIC~1\COMMON~1\EFI;C:\Program Files (x86)\RSA SecurID Token Common;C:\WINDOWS\system32;C:\WINDOWS;C:\WINDOWS\System32\Wbem;C:\WINDOWS\System32\WindowsPowerShell\v1.0\;C:\WINDOWS\System32\WindowsPowerShell\v1.0\;C:\Program Files (x86)\WebEx\Productivity Tools;C:\PROGRA~2\COMMON~1\EFI;C:\PROGRA~2\COMMON~1\EFI\EFIES-~1;C:\Program Files (x86)\Riverbed\Steelhead Mobile\;C:\Program Files\Colligo Networks\Colligo\;.
Jan 06, 2016 11:16:46 PM org.apache.coyote.AbstractProtocol init
INFO: Initializing ProtocolHandler ["http-bio-80"]
Jan 06, 2016 11:16:46 PM org.apache.coyote.AbstractProtocol init
INFO: Initializing ProtocolHandler ["ajp-bio-8009"]
Jan 06, 2016 11:16:46 PM org.apache.catalina.startup.Catalina load
INFO: Initialization processed in 654 ms
Jan 06, 2016 11:16:46 PM org.apache.catalina.core.StandardService startInternal
INFO: Starting service Catalina
Jan 06, 2016 11:16:46 PM org.apache.catalina.core.StandardEngine startInternal
INFO: Starting Servlet Engine: Apache Tomcat/7.0.34
Jan 06, 2016 11:16:46 PM org.apache.catalina.startup.HostConfig deployDirectory
INFO: Deploying web application directory C:\apache-tomcat-7.0.34\webapps\docs
Jan 06, 2016 11:16:46 PM org.apache.catalina.util.SessionIdGenerator createSecureRandom
INFO: Creation of SecureRandom instance for session ID generation using [SHA1PRNG] took [205] milliseconds.
Jan 06, 2016 11:16:46 PM org.apache.catalina.startup.HostConfig deployDirectory
INFO: Deploying web application directory C:\apache-tomcat-7.0.34\webapps\examples
Jan 06, 2016 11:16:47 PM org.apache.catalina.startup.HostConfig deployDirectory
INFO: Deploying web application directory C:\apache-tomcat-7.0.34\webapps\host-manager
Jan 06, 2016 11:16:47 PM org.apache.catalina.startup.HostConfig deployDirectory
INFO: Deploying web application directory C:\apache-tomcat-7.0.34\webapps\manager
Jan 06, 2016 11:16:47 PM org.apache.catalina.startup.HostConfig deployDirectory
INFO: Deploying web application directory C:\apache-tomcat-7.0.34\webapps\ROOT
Jan 06, 2016 11:16:47 PM org.apache.coyote.AbstractProtocol start
INFO: Starting ProtocolHandler ["http-bio-80"]
Jan 06, 2016 11:16:47 PM org.apache.coyote.AbstractProtocol start
INFO: Starting ProtocolHandler ["ajp-bio-8009"]
Jan 06, 2016 11:16:47 PM org.apache.catalina.startup.Catalina start
INFO: Server startup in 964 ms
Jan 06, 2016 11:22:46 PM org.apache.coyote.AbstractProtocol pause
INFO: Pausing ProtocolHandler ["http-bio-80"]
Jan 06, 2016 11:22:46 PM org.apache.coyote.AbstractProtocol pause
INFO: Pausing ProtocolHandler ["ajp-bio-8009"]
Jan 06, 2016 11:22:46 PM org.apache.catalina.core.StandardService stopInternal
INFO: Stopping service Catalina
Jan 06, 2016 11:22:46 PM org.apache.coyote.AbstractProtocol stop
INFO: Stopping ProtocolHandler ["http-bio-80"]
Jan 06, 2016 11:22:46 PM org.apache.coyote.AbstractProtocol stop
INFO: Stopping ProtocolHandler ["ajp-bio-8009"]
Jan 06, 2016 11:22:46 PM org.apache.coyote.AbstractProtocol destroy
INFO: Destroying ProtocolHandler ["http-bio-80"]
Jan 06, 2016 11:22:46 PM org.apache.coyote.AbstractProtocol destroy
INFO: Destroying ProtocolHandler ["ajp-bio-8009"]
