Jan 13, 2016 7:34:01 AM org.apache.catalina.core.AprLifecycleListener init
INFO: The APR based Apache Tomcat Native library which allows optimal performance in production environments was not found on the java.library.path: C:\Java\jdk1.7.0_79\bin;C:\WINDOWS\Sun\Java\bin;C:\WINDOWS\system32;C:\WINDOWS;"C:\Java\jdk1.7.0_79\bin";"C:\Java\jdk1.7.0_79\bin";C:\PROGRA~2\Fiery\APPLIC~1\COMMON~1\EFI;C:\Program Files (x86)\RSA SecurID Token Common;C:\WINDOWS\system32;C:\WINDOWS;C:\WINDOWS\System32\Wbem;C:\WINDOWS\System32\WindowsPowerShell\v1.0\;C:\WINDOWS\System32\WindowsPowerShell\v1.0\;C:\Program Files (x86)\WebEx\Productivity Tools;C:\PROGRA~2\COMMON~1\EFI;C:\PROGRA~2\COMMON~1\EFI\EFIES-~1;C:\Program Files (x86)\Riverbed\Steelhead Mobile\;C:\Program Files\Colligo Networks\Colligo\;.
Jan 13, 2016 7:34:01 AM org.apache.coyote.AbstractProtocol init
INFO: Initializing ProtocolHandler ["http-bio-80"]
Jan 13, 2016 7:34:01 AM org.apache.coyote.AbstractProtocol init
INFO: Initializing ProtocolHandler ["ajp-bio-8009"]
Jan 13, 2016 7:34:02 AM org.apache.catalina.startup.Catalina load
INFO: Initialization processed in 723 ms
Jan 13, 2016 7:34:02 AM org.apache.catalina.core.StandardService startInternal
INFO: Starting service Catalina
Jan 13, 2016 7:34:02 AM org.apache.catalina.core.StandardEngine startInternal
INFO: Starting Servlet Engine: Apache Tomcat/7.0.34
Jan 13, 2016 7:34:02 AM org.apache.catalina.startup.HostConfig deployDirectory
INFO: Deploying web application directory C:\apache-tomcat-7.0.34\webapps\csj
Jan 13, 2016 7:34:08 AM org.apache.catalina.util.SessionIdGenerator createSecureRandom
INFO: Creation of SecureRandom instance for session ID generation using [SHA1PRNG] took [5,965] milliseconds.
Jan 13, 2016 7:34:08 AM org.apache.catalina.startup.HostConfig deployDirectory
INFO: Deploying web application directory C:\apache-tomcat-7.0.34\webapps\docs
Jan 13, 2016 7:34:08 AM org.apache.catalina.startup.HostConfig deployDirectory
INFO: Deploying web application directory C:\apache-tomcat-7.0.34\webapps\examples
Jan 13, 2016 7:34:08 AM org.apache.catalina.startup.HostConfig deployDirectory
INFO: Deploying web application directory C:\apache-tomcat-7.0.34\webapps\host-manager
Jan 13, 2016 7:34:08 AM org.apache.catalina.startup.HostConfig deployDirectory
INFO: Deploying web application directory C:\apache-tomcat-7.0.34\webapps\manager
Jan 13, 2016 7:34:08 AM org.apache.catalina.startup.HostConfig deployDirectory
INFO: Deploying web application directory C:\apache-tomcat-7.0.34\webapps\ROOT
Jan 13, 2016 7:34:08 AM org.apache.coyote.AbstractProtocol start
INFO: Starting ProtocolHandler ["http-bio-80"]
Jan 13, 2016 7:34:08 AM org.apache.coyote.AbstractProtocol start
INFO: Starting ProtocolHandler ["ajp-bio-8009"]
Jan 13, 2016 7:34:08 AM org.apache.catalina.startup.Catalina start
INFO: Server startup in 6773 ms
Jan 13, 2016 7:37:19 AM org.apache.catalina.core.AprLifecycleListener init
INFO: The APR based Apache Tomcat Native library which allows optimal performance in production environments was not found on the java.library.path: C:\Java\jdk1.7.0_79\bin;C:\WINDOWS\Sun\Java\bin;C:\WINDOWS\system32;C:\WINDOWS;"C:\Java\jdk1.7.0_79\bin";"C:\Java\jdk1.7.0_79\bin";"C:\Java\jdk1.7.0_79\bin";C:\PROGRA~2\Fiery\APPLIC~1\COMMON~1\EFI;C:\Program Files (x86)\RSA SecurID Token Common;C:\WINDOWS\system32;C:\WINDOWS;C:\WINDOWS\System32\Wbem;C:\WINDOWS\System32\WindowsPowerShell\v1.0\;C:\WINDOWS\System32\WindowsPowerShell\v1.0\;C:\Program Files (x86)\WebEx\Productivity Tools;C:\PROGRA~2\COMMON~1\EFI;C:\PROGRA~2\COMMON~1\EFI\EFIES-~1;C:\Program Files (x86)\Riverbed\Steelhead Mobile\;C:\Program Files\Colligo Networks\Colligo\;.
Jan 13, 2016 7:37:20 AM org.apache.coyote.AbstractProtocol init
INFO: Initializing ProtocolHandler ["http-bio-80"]
Jan 13, 2016 7:37:20 AM org.apache.coyote.AbstractProtocol init
INFO: Initializing ProtocolHandler ["ajp-bio-8009"]
Jan 13, 2016 7:37:20 AM org.apache.catalina.startup.Catalina load
INFO: Initialization processed in 647 ms
Jan 13, 2016 7:37:20 AM org.apache.catalina.core.StandardService startInternal
INFO: Starting service Catalina
Jan 13, 2016 7:37:20 AM org.apache.catalina.core.StandardEngine startInternal
INFO: Starting Servlet Engine: Apache Tomcat/7.0.34
Jan 13, 2016 7:37:20 AM org.apache.catalina.startup.HostConfig deployDirectory
INFO: Deploying web application directory C:\apache-tomcat-7.0.34\webapps\csj
Jan 13, 2016 7:37:24 AM org.apache.catalina.util.SessionIdGenerator createSecureRandom
INFO: Creation of SecureRandom instance for session ID generation using [SHA1PRNG] took [4,187] milliseconds.
Jan 13, 2016 7:37:24 AM org.apache.catalina.startup.HostConfig deployDirectory
INFO: Deploying web application directory C:\apache-tomcat-7.0.34\webapps\docs
Jan 13, 2016 7:37:24 AM org.apache.catalina.startup.HostConfig deployDirectory
INFO: Deploying web application directory C:\apache-tomcat-7.0.34\webapps\examples
Jan 13, 2016 7:37:24 AM org.apache.catalina.startup.HostConfig deployDirectory
INFO: Deploying web application directory C:\apache-tomcat-7.0.34\webapps\host-manager
Jan 13, 2016 7:37:24 AM org.apache.catalina.startup.HostConfig deployDirectory
INFO: Deploying web application directory C:\apache-tomcat-7.0.34\webapps\manager
Jan 13, 2016 7:37:25 AM org.apache.catalina.startup.HostConfig deployDirectory
INFO: Deploying web application directory C:\apache-tomcat-7.0.34\webapps\ROOT
Jan 13, 2016 7:37:25 AM org.apache.coyote.AbstractProtocol start
INFO: Starting ProtocolHandler ["http-bio-80"]
Jan 13, 2016 7:37:25 AM org.apache.coyote.AbstractProtocol start
INFO: Starting ProtocolHandler ["ajp-bio-8009"]
Jan 13, 2016 7:37:25 AM org.apache.catalina.startup.Catalina start
INFO: Server startup in 4986 ms
Jan 13, 2016 11:31:54 AM org.apache.catalina.core.AprLifecycleListener init
INFO: The APR based Apache Tomcat Native library which allows optimal performance in production environments was not found on the java.library.path: C:\Java\jdk1.7.0_79\bin;C:\WINDOWS\Sun\Java\bin;C:\WINDOWS\system32;C:\WINDOWS;"C:\Java\jdk1.7.0_79\bin";C:\PROGRA~2\Fiery\APPLIC~1\COMMON~1\EFI;C:\Program Files (x86)\RSA SecurID Token Common;C:\WINDOWS\system32;C:\WINDOWS;C:\WINDOWS\System32\Wbem;C:\WINDOWS\System32\WindowsPowerShell\v1.0\;C:\WINDOWS\System32\WindowsPowerShell\v1.0\;C:\Program Files (x86)\WebEx\Productivity Tools;C:\PROGRA~2\COMMON~1\EFI;C:\PROGRA~2\COMMON~1\EFI\EFIES-~1;C:\Program Files (x86)\Riverbed\Steelhead Mobile\;C:\Program Files\Colligo Networks\Colligo\;.
Jan 13, 2016 11:31:54 AM org.apache.coyote.AbstractProtocol init
INFO: Initializing ProtocolHandler ["http-bio-80"]
Jan 13, 2016 11:31:54 AM org.apache.coyote.AbstractProtocol init
INFO: Initializing ProtocolHandler ["ajp-bio-8009"]
Jan 13, 2016 11:31:54 AM org.apache.catalina.startup.Catalina load
INFO: Initialization processed in 792 ms
Jan 13, 2016 11:31:54 AM org.apache.catalina.core.StandardService startInternal
INFO: Starting service Catalina
Jan 13, 2016 11:31:54 AM org.apache.catalina.core.StandardEngine startInternal
INFO: Starting Servlet Engine: Apache Tomcat/7.0.34
Jan 13, 2016 11:31:54 AM org.apache.catalina.startup.HostConfig deployDirectory
INFO: Deploying web application directory C:\apache-tomcat-7.0.34\webapps\csj
Jan 13, 2016 11:31:55 AM org.apache.catalina.util.SessionIdGenerator createSecureRandom
INFO: Creation of SecureRandom instance for session ID generation using [SHA1PRNG] took [202] milliseconds.
Jan 13, 2016 11:31:55 AM org.apache.catalina.startup.HostConfig deployDirectory
INFO: Deploying web application directory C:\apache-tomcat-7.0.34\webapps\docs
Jan 13, 2016 11:31:55 AM org.apache.catalina.startup.HostConfig deployDirectory
INFO: Deploying web application directory C:\apache-tomcat-7.0.34\webapps\examples
Jan 13, 2016 11:31:55 AM org.apache.catalina.startup.HostConfig deployDirectory
INFO: Deploying web application directory C:\apache-tomcat-7.0.34\webapps\host-manager
Jan 13, 2016 11:31:55 AM org.apache.catalina.startup.HostConfig deployDirectory
INFO: Deploying web application directory C:\apache-tomcat-7.0.34\webapps\manager
Jan 13, 2016 11:31:55 AM org.apache.catalina.startup.HostConfig deployDirectory
INFO: Deploying web application directory C:\apache-tomcat-7.0.34\webapps\ROOT
Jan 13, 2016 11:31:55 AM org.apache.coyote.AbstractProtocol start
INFO: Starting ProtocolHandler ["http-bio-80"]
Jan 13, 2016 11:31:55 AM org.apache.coyote.AbstractProtocol start
INFO: Starting ProtocolHandler ["ajp-bio-8009"]
Jan 13, 2016 11:31:55 AM org.apache.catalina.startup.Catalina start
INFO: Server startup in 1031 ms
Jan 13, 2016 1:44:42 PM org.apache.catalina.core.AprLifecycleListener init
INFO: The APR based Apache Tomcat Native library which allows optimal performance in production environments was not found on the java.library.path: C:\Java\jdk1.7.0_79\bin;C:\WINDOWS\Sun\Java\bin;C:\WINDOWS\system32;C:\WINDOWS;"C:\Java\jdk1.7.0_79\bin";"C:\Java\jdk1.7.0_79\bin";C:\PROGRA~2\Fiery\APPLIC~1\COMMON~1\EFI;C:\Program Files (x86)\RSA SecurID Token Common;C:\WINDOWS\system32;C:\WINDOWS;C:\WINDOWS\System32\Wbem;C:\WINDOWS\System32\WindowsPowerShell\v1.0\;C:\WINDOWS\System32\WindowsPowerShell\v1.0\;C:\Program Files (x86)\WebEx\Productivity Tools;C:\PROGRA~2\COMMON~1\EFI;C:\PROGRA~2\COMMON~1\EFI\EFIES-~1;C:\Program Files (x86)\Riverbed\Steelhead Mobile\;C:\Program Files\Colligo Networks\Colligo\;.
Jan 13, 2016 1:44:42 PM org.apache.coyote.AbstractProtocol init
INFO: Initializing ProtocolHandler ["http-bio-80"]
Jan 13, 2016 1:44:42 PM org.apache.coyote.AbstractProtocol init
INFO: Initializing ProtocolHandler ["ajp-bio-8009"]
Jan 13, 2016 1:44:42 PM org.apache.catalina.startup.Catalina load
INFO: Initialization processed in 636 ms
Jan 13, 2016 1:44:42 PM org.apache.catalina.core.StandardService startInternal
INFO: Starting service Catalina
Jan 13, 2016 1:44:42 PM org.apache.catalina.core.StandardEngine startInternal
INFO: Starting Servlet Engine: Apache Tomcat/7.0.34
Jan 13, 2016 1:44:42 PM org.apache.catalina.startup.HostConfig deployDirectory
INFO: Deploying web application directory C:\apache-tomcat-7.0.34\webapps\csj
Jan 13, 2016 1:44:42 PM org.apache.catalina.util.SessionIdGenerator createSecureRandom
INFO: Creation of SecureRandom instance for session ID generation using [SHA1PRNG] took [210] milliseconds.
Jan 13, 2016 1:44:42 PM org.apache.catalina.startup.HostConfig deployDirectory
INFO: Deploying web application directory C:\apache-tomcat-7.0.34\webapps\docs
Jan 13, 2016 1:44:42 PM org.apache.catalina.startup.HostConfig deployDirectory
INFO: Deploying web application directory C:\apache-tomcat-7.0.34\webapps\examples
Jan 13, 2016 1:44:43 PM org.apache.catalina.startup.HostConfig deployDirectory
INFO: Deploying web application directory C:\apache-tomcat-7.0.34\webapps\host-manager
Jan 13, 2016 1:44:43 PM org.apache.catalina.startup.HostConfig deployDirectory
INFO: Deploying web application directory C:\apache-tomcat-7.0.34\webapps\manager
Jan 13, 2016 1:44:43 PM org.apache.catalina.startup.HostConfig deployDirectory
INFO: Deploying web application directory C:\apache-tomcat-7.0.34\webapps\ROOT
Jan 13, 2016 1:44:43 PM org.apache.coyote.AbstractProtocol start
INFO: Starting ProtocolHandler ["http-bio-80"]
Jan 13, 2016 1:44:43 PM org.apache.coyote.AbstractProtocol start
INFO: Starting ProtocolHandler ["ajp-bio-8009"]
Jan 13, 2016 1:44:43 PM org.apache.catalina.startup.Catalina start
INFO: Server startup in 977 ms
Jan 13, 2016 2:03:44 PM org.apache.catalina.core.StandardContext reload
INFO: Reloading Context with name [/csj] has started
Jan 13, 2016 2:03:45 PM org.apache.catalina.core.StandardContext reload
INFO: Reloading Context with name [/csj] is completed
Jan 13, 2016 2:12:05 PM org.apache.catalina.core.StandardContext reload
INFO: Reloading Context with name [/csj] has started
Jan 13, 2016 2:12:06 PM org.apache.catalina.core.StandardContext reload
INFO: Reloading Context with name [/csj] is completed
Jan 13, 2016 2:44:08 PM org.apache.catalina.core.StandardContext reload
INFO: Reloading Context with name [/csj] has started
Jan 13, 2016 2:44:09 PM org.apache.catalina.core.StandardContext reload
INFO: Reloading Context with name [/csj] is completed
Jan 13, 2016 3:36:12 PM org.apache.catalina.core.StandardContext reload
INFO: Reloading Context with name [/csj] has started
Jan 13, 2016 3:36:13 PM org.apache.catalina.core.StandardContext reload
INFO: Reloading Context with name [/csj] is completed
Jan 13, 2016 3:50:24 PM org.apache.catalina.core.StandardContext reload
INFO: Reloading Context with name [/csj] has started
Jan 13, 2016 3:50:25 PM org.apache.catalina.core.StandardContext reload
INFO: Reloading Context with name [/csj] is completed
Jan 13, 2016 3:57:45 PM org.apache.catalina.core.StandardContext reload
INFO: Reloading Context with name [/csj] has started
Jan 13, 2016 3:57:46 PM org.apache.catalina.core.StandardContext reload
INFO: Reloading Context with name [/csj] is completed
Jan 13, 2016 3:58:56 PM org.apache.catalina.core.StandardContext reload
INFO: Reloading Context with name [/csj] has started
Jan 13, 2016 3:58:56 PM org.apache.catalina.core.StandardContext reload
INFO: Reloading Context with name [/csj] is completed
Jan 13, 2016 4:02:27 PM org.apache.catalina.core.StandardContext reload
INFO: Reloading Context with name [/csj] has started
Jan 13, 2016 4:02:27 PM org.apache.catalina.core.StandardContext reload
INFO: Reloading Context with name [/csj] is completed
Jan 13, 2016 4:06:07 PM org.apache.catalina.core.StandardContext reload
INFO: Reloading Context with name [/csj] has started
Jan 13, 2016 4:06:08 PM org.apache.catalina.core.StandardContext reload
INFO: Reloading Context with name [/csj] is completed
Jan 13, 2016 4:09:34 PM org.apache.catalina.core.AprLifecycleListener init
INFO: The APR based Apache Tomcat Native library which allows optimal performance in production environments was not found on the java.library.path: C:\Java\jdk1.7.0_79\bin;C:\WINDOWS\Sun\Java\bin;C:\WINDOWS\system32;C:\WINDOWS;"C:\Java\jdk1.7.0_79\bin";"C:\Java\jdk1.7.0_79\bin";C:\PROGRA~2\Fiery\APPLIC~1\COMMON~1\EFI;C:\Program Files (x86)\RSA SecurID Token Common;C:\WINDOWS\system32;C:\WINDOWS;C:\WINDOWS\System32\Wbem;C:\WINDOWS\System32\WindowsPowerShell\v1.0\;C:\WINDOWS\System32\WindowsPowerShell\v1.0\;C:\Program Files (x86)\WebEx\Productivity Tools;C:\PROGRA~2\COMMON~1\EFI;C:\PROGRA~2\COMMON~1\EFI\EFIES-~1;C:\Program Files (x86)\Riverbed\Steelhead Mobile\;C:\Program Files\Colligo Networks\Colligo\;.
Jan 13, 2016 4:09:34 PM org.apache.coyote.AbstractProtocol init
INFO: Initializing ProtocolHandler ["http-bio-80"]
Jan 13, 2016 4:09:34 PM org.apache.coyote.AbstractProtocol init
INFO: Initializing ProtocolHandler ["ajp-bio-8009"]
Jan 13, 2016 4:09:34 PM org.apache.catalina.startup.Catalina load
INFO: Initialization processed in 627 ms
Jan 13, 2016 4:09:34 PM org.apache.catalina.core.StandardService startInternal
INFO: Starting service Catalina
Jan 13, 2016 4:09:34 PM org.apache.catalina.core.StandardEngine startInternal
INFO: Starting Servlet Engine: Apache Tomcat/7.0.34
Jan 13, 2016 4:09:34 PM org.apache.catalina.startup.HostConfig deployDirectory
INFO: Deploying web application directory C:\apache-tomcat-7.0.34\webapps\csj
Jan 13, 2016 4:09:34 PM org.apache.catalina.util.SessionIdGenerator createSecureRandom
INFO: Creation of SecureRandom instance for session ID generation using [SHA1PRNG] took [188] milliseconds.
Jan 13, 2016 4:09:34 PM org.apache.catalina.startup.HostConfig deployDirectory
INFO: Deploying web application directory C:\apache-tomcat-7.0.34\webapps\docs
Jan 13, 2016 4:09:34 PM org.apache.catalina.startup.HostConfig deployDirectory
INFO: Deploying web application directory C:\apache-tomcat-7.0.34\webapps\examples
Jan 13, 2016 4:09:35 PM org.apache.catalina.startup.HostConfig deployDirectory
INFO: Deploying web application directory C:\apache-tomcat-7.0.34\webapps\host-manager
Jan 13, 2016 4:09:35 PM org.apache.catalina.startup.HostConfig deployDirectory
INFO: Deploying web application directory C:\apache-tomcat-7.0.34\webapps\manager
Jan 13, 2016 4:09:35 PM org.apache.catalina.startup.HostConfig deployDirectory
INFO: Deploying web application directory C:\apache-tomcat-7.0.34\webapps\ROOT
Jan 13, 2016 4:09:35 PM org.apache.coyote.AbstractProtocol start
INFO: Starting ProtocolHandler ["http-bio-80"]
Jan 13, 2016 4:09:35 PM org.apache.coyote.AbstractProtocol start
INFO: Starting ProtocolHandler ["ajp-bio-8009"]
Jan 13, 2016 4:09:35 PM org.apache.catalina.startup.Catalina start
INFO: Server startup in 935 ms
Jan 13, 2016 4:10:55 PM org.apache.catalina.core.StandardContext reload
INFO: Reloading Context with name [/csj] has started
Jan 13, 2016 4:10:55 PM org.apache.catalina.core.StandardContext reload
INFO: Reloading Context with name [/csj] is completed
Jan 13, 2016 4:16:56 PM org.apache.catalina.core.StandardContext reload
INFO: Reloading Context with name [/csj] has started
Jan 13, 2016 4:16:56 PM org.apache.catalina.core.StandardContext reload
INFO: Reloading Context with name [/csj] is completed
