Feb 09, 2016 6:20:54 AM org.apache.catalina.core.AprLifecycleListener init
INFO: The APR based Apache Tomcat Native library which allows optimal performance in production environments was not found on the java.library.path: C:\Java\jdk1.7.0_79\bin;C:\WINDOWS\Sun\Java\bin;C:\WINDOWS\system32;C:\WINDOWS;"C:\Java\jdk1.7.0_79\bin";C:\PROGRA~2\Fiery\APPLIC~1\COMMON~1\EFI;C:\Program Files (x86)\RSA SecurID Token Common;C:\WINDOWS\system32;C:\WINDOWS;C:\WINDOWS\System32\Wbem;C:\WINDOWS\System32\WindowsPowerShell\v1.0\;C:\WINDOWS\System32\WindowsPowerShell\v1.0\;C:\Program Files (x86)\WebEx\Productivity Tools;C:\PROGRA~2\COMMON~1\EFI;C:\PROGRA~2\COMMON~1\EFI\EFIES-~1;C:\Program Files (x86)\Riverbed\Steelhead Mobile\;.
Feb 09, 2016 6:20:54 AM org.apache.coyote.AbstractProtocol init
INFO: Initializing ProtocolHandler ["http-bio-80"]
Feb 09, 2016 6:20:54 AM org.apache.coyote.AbstractProtocol init
INFO: Initializing ProtocolHandler ["ajp-bio-8009"]
Feb 09, 2016 6:20:54 AM org.apache.catalina.startup.Catalina load
INFO: Initialization processed in 839 ms
Feb 09, 2016 6:20:54 AM org.apache.catalina.core.StandardService startInternal
INFO: Starting service Catalina
Feb 09, 2016 6:20:54 AM org.apache.catalina.core.StandardEngine startInternal
INFO: Starting Servlet Engine: Apache Tomcat/7.0.34
Feb 09, 2016 6:20:54 AM org.apache.catalina.startup.HostConfig deployDirectory
INFO: Deploying web application directory C:\apache-tomcat-7.0.34\webapps\csj
Feb 09, 2016 6:20:55 AM org.apache.catalina.util.SessionIdGenerator createSecureRandom
INFO: Creation of SecureRandom instance for session ID generation using [SHA1PRNG] took [245] milliseconds.
Feb 09, 2016 6:20:55 AM org.apache.catalina.startup.HostConfig deployDirectory
INFO: Deploying web application directory C:\apache-tomcat-7.0.34\webapps\docs
Feb 09, 2016 6:20:55 AM org.apache.catalina.startup.HostConfig deployDirectory
INFO: Deploying web application directory C:\apache-tomcat-7.0.34\webapps\examples
Feb 09, 2016 6:20:55 AM org.apache.catalina.startup.HostConfig deployDirectory
INFO: Deploying web application directory C:\apache-tomcat-7.0.34\webapps\host-manager
Feb 09, 2016 6:20:55 AM org.apache.catalina.startup.HostConfig deployDirectory
INFO: Deploying web application directory C:\apache-tomcat-7.0.34\webapps\manager
Feb 09, 2016 6:20:55 AM org.apache.catalina.startup.HostConfig deployDirectory
INFO: Deploying web application directory C:\apache-tomcat-7.0.34\webapps\ROOT
Feb 09, 2016 6:20:55 AM org.apache.coyote.AbstractProtocol start
INFO: Starting ProtocolHandler ["http-bio-80"]
Feb 09, 2016 6:20:55 AM org.apache.coyote.AbstractProtocol start
INFO: Starting ProtocolHandler ["ajp-bio-8009"]
Feb 09, 2016 6:20:55 AM org.apache.catalina.startup.Catalina start
INFO: Server startup in 1164 ms
Feb 09, 2016 6:59:55 AM org.apache.catalina.core.StandardContext reload
INFO: Reloading Context with name [/csj] has started
Feb 09, 2016 6:59:56 AM org.apache.catalina.core.StandardContext reload
INFO: Reloading Context with name [/csj] is completed
Feb 09, 2016 7:02:06 AM org.apache.catalina.core.StandardContext reload
INFO: Reloading Context with name [/csj] has started
Feb 09, 2016 7:02:07 AM org.apache.catalina.core.StandardContext reload
INFO: Reloading Context with name [/csj] is completed
Feb 09, 2016 7:15:00 AM org.apache.catalina.core.StandardContext reload
INFO: Reloading Context with name [/csj] has started
Feb 09, 2016 7:15:00 AM org.apache.catalina.core.StandardContext reload
INFO: Reloading Context with name [/csj] is completed
Feb 09, 2016 7:22:12 AM org.apache.catalina.core.StandardContext reload
INFO: Reloading Context with name [/csj] has started
Feb 09, 2016 7:22:13 AM org.apache.catalina.core.StandardContext reload
INFO: Reloading Context with name [/csj] is completed
Feb 09, 2016 7:27:24 AM org.apache.catalina.core.StandardContext reload
INFO: Reloading Context with name [/csj] has started
Feb 09, 2016 7:27:24 AM org.apache.catalina.core.StandardContext reload
INFO: Reloading Context with name [/csj] is completed
Feb 09, 2016 8:23:00 AM org.apache.catalina.core.StandardContext reload
INFO: Reloading Context with name [/csj] has started
Feb 09, 2016 8:23:00 AM org.apache.catalina.core.StandardContext reload
INFO: Reloading Context with name [/csj] is completed
Feb 09, 2016 8:24:51 AM org.apache.catalina.core.StandardContext reload
INFO: Reloading Context with name [/csj] has started
Feb 09, 2016 8:24:51 AM org.apache.catalina.core.StandardContext reload
INFO: Reloading Context with name [/csj] is completed
Feb 09, 2016 1:10:04 PM org.apache.catalina.startup.HostConfig checkResources
INFO: Reloading context [/csj]
Feb 09, 2016 1:10:04 PM org.apache.catalina.core.StandardContext reload
INFO: Reloading Context with name [/csj] has started
Feb 09, 2016 1:10:05 PM org.apache.catalina.core.StandardContext reload
INFO: Reloading Context with name [/csj] is completed
Feb 09, 2016 1:10:55 PM org.apache.catalina.startup.HostConfig checkResources
INFO: Reloading context [/csj]
Feb 09, 2016 1:10:55 PM org.apache.catalina.core.StandardContext reload
INFO: Reloading Context with name [/csj] has started
Feb 09, 2016 1:10:55 PM org.apache.catalina.core.StandardContext reload
INFO: Reloading Context with name [/csj] is completed
Feb 09, 2016 4:16:24 PM org.apache.catalina.core.StandardContext reload
INFO: Reloading Context with name [/csj] has started
Feb 09, 2016 4:16:24 PM org.apache.catalina.core.StandardContext reload
INFO: Reloading Context with name [/csj] is completed
Feb 09, 2016 5:19:19 PM org.apache.catalina.core.StandardContext reload
INFO: Reloading Context with name [/csj] has started
Feb 09, 2016 5:19:20 PM org.apache.catalina.core.StandardContext reload
INFO: Reloading Context with name [/csj] is completed
Feb 09, 2016 8:38:26 PM org.apache.catalina.core.StandardContext reload
INFO: Reloading Context with name [/csj] has started
Feb 09, 2016 8:38:26 PM org.apache.catalina.core.StandardContext reload
INFO: Reloading Context with name [/csj] is completed
Feb 09, 2016 8:43:07 PM org.apache.catalina.core.StandardContext reload
INFO: Reloading Context with name [/csj] has started
Feb 09, 2016 8:43:08 PM org.apache.catalina.core.StandardContext reload
INFO: Reloading Context with name [/csj] is completed
Feb 09, 2016 8:57:51 PM org.apache.catalina.core.StandardContext reload
INFO: Reloading Context with name [/csj] has started
Feb 09, 2016 8:57:52 PM org.apache.catalina.core.StandardContext reload
INFO: Reloading Context with name [/csj] is completed
Feb 09, 2016 8:59:12 PM org.apache.catalina.core.StandardContext reload
INFO: Reloading Context with name [/csj] has started
Feb 09, 2016 8:59:12 PM org.apache.catalina.core.StandardContext reload
INFO: Reloading Context with name [/csj] is completed
Feb 09, 2016 9:01:53 PM org.apache.catalina.core.StandardContext reload
INFO: Reloading Context with name [/csj] has started
Feb 09, 2016 9:01:54 PM org.apache.catalina.core.StandardContext reload
INFO: Reloading Context with name [/csj] is completed
Feb 09, 2016 9:03:24 PM org.apache.catalina.core.StandardContext reload
INFO: Reloading Context with name [/csj] has started
Feb 09, 2016 9:03:24 PM org.apache.catalina.core.StandardContext reload
INFO: Reloading Context with name [/csj] is completed
Feb 09, 2016 9:31:29 PM org.apache.catalina.core.StandardContext reload
INFO: Reloading Context with name [/csj] has started
Feb 09, 2016 9:31:30 PM org.apache.catalina.core.StandardContext reload
INFO: Reloading Context with name [/csj] is completed
