Feb 27, 2016 12:10:14 AM org.apache.catalina.loader.WebappClassLoader modified
SEVERE:     Resource '/WEB-INF/classes/CatalogItem.class' is missing
Feb 27, 2016 12:10:14 AM org.apache.catalina.core.StandardContext reload
INFO: Reloading Context with name [/csj] has started
Feb 27, 2016 12:10:14 AM org.apache.catalina.core.StandardContext reload
INFO: Reloading Context with name [/csj] is completed
Feb 27, 2016 12:33:20 PM org.apache.catalina.core.StandardContext reload
INFO: Reloading Context with name [/csj] has started
Feb 27, 2016 12:33:20 PM org.apache.catalina.core.StandardContext reload
INFO: Reloading Context with name [/csj] is completed
Feb 27, 2016 12:39:22 PM org.apache.catalina.core.StandardContext reload
INFO: Reloading Context with name [/csj] has started
Feb 27, 2016 12:39:23 PM org.apache.catalina.core.StandardContext reload
INFO: Reloading Context with name [/csj] is completed
Feb 27, 2016 5:40:48 PM org.apache.catalina.startup.HostConfig checkResources
INFO: Reloading context [/csj]
Feb 27, 2016 5:40:48 PM org.apache.catalina.core.StandardContext reload
INFO: Reloading Context with name [/csj] has started
Feb 27, 2016 5:40:49 PM org.apache.catalina.core.StandardContext reload
INFO: Reloading Context with name [/csj] is completed
Feb 27, 2016 7:45:49 PM org.apache.catalina.core.AprLifecycleListener init
INFO: The APR based Apache Tomcat Native library which allows optimal performance in production environments was not found on the java.library.path: C:\Java\jdk1.7.0_79\bin;C:\WINDOWS\Sun\Java\bin;C:\WINDOWS\system32;C:\WINDOWS;"C:\Java\jdk1.7.0_79\bin";"C:\Java\jdk1.7.0_79\bin";C:\PROGRA~2\Fiery\APPLIC~1\COMMON~1\EFI;C:\Program Files (x86)\RSA SecurID Token Common;C:\WINDOWS\system32;C:\WINDOWS;C:\WINDOWS\System32\Wbem;C:\WINDOWS\System32\WindowsPowerShell\v1.0\;C:\WINDOWS\System32\WindowsPowerShell\v1.0\;C:\Program Files (x86)\WebEx\Productivity Tools;C:\PROGRA~2\COMMON~1\EFI;C:\PROGRA~2\COMMON~1\EFI\EFIES-~1;C:\Program Files (x86)\Riverbed\Steelhead Mobile\;C:\Program Files\Colligo Networks\Colligo\;.
Feb 27, 2016 7:45:49 PM org.apache.coyote.AbstractProtocol init
INFO: Initializing ProtocolHandler ["http-bio-80"]
Feb 27, 2016 7:45:49 PM org.apache.coyote.AbstractProtocol init
INFO: Initializing ProtocolHandler ["ajp-bio-8009"]
Feb 27, 2016 7:45:49 PM org.apache.catalina.startup.Catalina load
INFO: Initialization processed in 843 ms
Feb 27, 2016 7:45:49 PM org.apache.catalina.core.StandardService startInternal
INFO: Starting service Catalina
Feb 27, 2016 7:45:49 PM org.apache.catalina.core.StandardEngine startInternal
INFO: Starting Servlet Engine: Apache Tomcat/7.0.34
Feb 27, 2016 7:45:49 PM org.apache.catalina.startup.HostConfig deployDirectory
INFO: Deploying web application directory C:\apache-tomcat-7.0.34\webapps\csj
Feb 27, 2016 7:45:50 PM org.apache.catalina.util.SessionIdGenerator createSecureRandom
INFO: Creation of SecureRandom instance for session ID generation using [SHA1PRNG] took [238] milliseconds.
Feb 27, 2016 7:45:50 PM org.apache.catalina.startup.HostConfig deployDirectory
INFO: Deploying web application directory C:\apache-tomcat-7.0.34\webapps\docs
Feb 27, 2016 7:45:50 PM org.apache.catalina.startup.HostConfig deployDirectory
INFO: Deploying web application directory C:\apache-tomcat-7.0.34\webapps\examples
Feb 27, 2016 7:45:50 PM org.apache.catalina.startup.HostConfig deployDirectory
INFO: Deploying web application directory C:\apache-tomcat-7.0.34\webapps\host-manager
Feb 27, 2016 7:45:50 PM org.apache.catalina.startup.HostConfig deployDirectory
INFO: Deploying web application directory C:\apache-tomcat-7.0.34\webapps\jsp-examples
Feb 27, 2016 7:45:50 PM org.apache.catalina.startup.HostConfig deployDirectory
INFO: Deploying web application directory C:\apache-tomcat-7.0.34\webapps\jsp-to-servlet-to-jsp
Feb 27, 2016 7:45:50 PM org.apache.catalina.startup.HostConfig deployDirectory
INFO: Deploying web application directory C:\apache-tomcat-7.0.34\webapps\manager
Feb 27, 2016 7:45:50 PM org.apache.catalina.startup.HostConfig deployDirectory
INFO: Deploying web application directory C:\apache-tomcat-7.0.34\webapps\mvc
Feb 27, 2016 7:45:51 PM org.apache.catalina.startup.HostConfig deployDirectory
INFO: Deploying web application directory C:\apache-tomcat-7.0.34\webapps\ROOT
Feb 27, 2016 7:45:51 PM org.apache.coyote.AbstractProtocol start
INFO: Starting ProtocolHandler ["http-bio-80"]
Feb 27, 2016 7:45:51 PM org.apache.coyote.AbstractProtocol start
INFO: Starting ProtocolHandler ["ajp-bio-8009"]
Feb 27, 2016 7:45:51 PM org.apache.catalina.startup.Catalina start
INFO: Server startup in 1546 ms
Feb 27, 2016 7:57:55 PM org.apache.catalina.loader.WebappClassLoader modified
SEVERE:     Resource '/WEB-INF/classes/bestdeal/SerializeCatalog.class' is missing
Feb 27, 2016 7:57:55 PM org.apache.catalina.core.StandardContext reload
INFO: Reloading Context with name [/csj] has started
Feb 27, 2016 7:57:55 PM org.apache.catalina.core.StandardContext reload
INFO: Reloading Context with name [/csj] is completed
Feb 27, 2016 11:03:09 PM org.apache.catalina.loader.WebappClassLoader modified
SEVERE:     Resource '/WEB-INF/classes/beans/MyBean.class' is missing
Feb 27, 2016 11:03:09 PM org.apache.catalina.core.StandardContext reload
INFO: Reloading Context with name [/csj] has started
Feb 27, 2016 11:03:10 PM org.apache.catalina.core.StandardContext reload
INFO: Reloading Context with name [/csj] is completed
Feb 27, 2016 11:15:12 PM org.apache.catalina.startup.HostConfig checkResources
INFO: Reloading context [/csj]
Feb 27, 2016 11:15:12 PM org.apache.catalina.core.StandardContext reload
INFO: Reloading Context with name [/csj] has started
Feb 27, 2016 11:15:13 PM org.apache.catalina.core.StandardContext reload
INFO: Reloading Context with name [/csj] is completed
Feb 27, 2016 11:28:27 PM org.apache.catalina.startup.HostConfig checkResources
INFO: Reloading context [/csj]
Feb 27, 2016 11:28:27 PM org.apache.catalina.core.StandardContext reload
INFO: Reloading Context with name [/csj] has started
Feb 27, 2016 11:28:28 PM org.apache.catalina.core.StandardContext reload
INFO: Reloading Context with name [/csj] is completed
Feb 27, 2016 11:28:48 PM org.apache.catalina.startup.HostConfig checkResources
INFO: Reloading context [/csj]
Feb 27, 2016 11:28:48 PM org.apache.catalina.core.StandardContext reload
INFO: Reloading Context with name [/csj] has started
Feb 27, 2016 11:28:48 PM org.apache.catalina.core.StandardContext reload
INFO: Reloading Context with name [/csj] is completed
Feb 27, 2016 11:33:20 PM org.apache.catalina.startup.HostConfig checkResources
INFO: Reloading context [/csj]
Feb 27, 2016 11:33:20 PM org.apache.catalina.core.StandardContext reload
INFO: Reloading Context with name [/csj] has started
Feb 27, 2016 11:33:20 PM org.apache.catalina.core.StandardContext reload
INFO: Reloading Context with name [/csj] is completed
Feb 27, 2016 11:41:13 PM org.apache.catalina.core.AprLifecycleListener init
INFO: The APR based Apache Tomcat Native library which allows optimal performance in production environments was not found on the java.library.path: C:\Java\jdk1.7.0_79\bin;C:\WINDOWS\Sun\Java\bin;C:\WINDOWS\system32;C:\WINDOWS;"C:\Java\jdk1.7.0_79\bin";C:\PROGRA~2\Fiery\APPLIC~1\COMMON~1\EFI;C:\Program Files (x86)\RSA SecurID Token Common;C:\WINDOWS\system32;C:\WINDOWS;C:\WINDOWS\System32\Wbem;C:\WINDOWS\System32\WindowsPowerShell\v1.0\;C:\WINDOWS\System32\WindowsPowerShell\v1.0\;C:\Program Files (x86)\WebEx\Productivity Tools;C:\PROGRA~2\COMMON~1\EFI;C:\PROGRA~2\COMMON~1\EFI\EFIES-~1;C:\Program Files (x86)\Riverbed\Steelhead Mobile\;C:\Program Files\Colligo Networks\Colligo\;.
Feb 27, 2016 11:41:14 PM org.apache.coyote.AbstractProtocol init
INFO: Initializing ProtocolHandler ["http-bio-80"]
Feb 27, 2016 11:41:14 PM org.apache.coyote.AbstractProtocol init
INFO: Initializing ProtocolHandler ["ajp-bio-8009"]
Feb 27, 2016 11:41:14 PM org.apache.catalina.startup.Catalina load
INFO: Initialization processed in 852 ms
Feb 27, 2016 11:41:14 PM org.apache.catalina.core.StandardService startInternal
INFO: Starting service Catalina
Feb 27, 2016 11:41:14 PM org.apache.catalina.core.StandardEngine startInternal
INFO: Starting Servlet Engine: Apache Tomcat/7.0.34
Feb 27, 2016 11:41:14 PM org.apache.catalina.startup.HostConfig deployDirectory
INFO: Deploying web application directory C:\apache-tomcat-7.0.34\webapps\csj
Feb 27, 2016 11:41:15 PM org.apache.catalina.util.SessionIdGenerator createSecureRandom
INFO: Creation of SecureRandom instance for session ID generation using [SHA1PRNG] took [261] milliseconds.
Feb 27, 2016 11:41:15 PM org.apache.catalina.startup.HostConfig deployDirectory
INFO: Deploying web application directory C:\apache-tomcat-7.0.34\webapps\docs
Feb 27, 2016 11:41:15 PM org.apache.catalina.startup.HostConfig deployDirectory
INFO: Deploying web application directory C:\apache-tomcat-7.0.34\webapps\examples
Feb 27, 2016 11:41:15 PM org.apache.catalina.startup.TaglibUriRule body
INFO: TLD skipped. URI: http://java.sun.com/jstl/core_rt is already defined
Feb 27, 2016 11:41:15 PM org.apache.catalina.startup.TaglibUriRule body
INFO: TLD skipped. URI: http://java.sun.com/jstl/core is already defined
Feb 27, 2016 11:41:15 PM org.apache.catalina.startup.TaglibUriRule body
INFO: TLD skipped. URI: http://java.sun.com/jsp/jstl/core is already defined
Feb 27, 2016 11:41:15 PM org.apache.catalina.startup.TaglibUriRule body
INFO: TLD skipped. URI: http://java.sun.com/jstl/fmt_rt is already defined
Feb 27, 2016 11:41:15 PM org.apache.catalina.startup.TaglibUriRule body
INFO: TLD skipped. URI: http://java.sun.com/jstl/fmt is already defined
Feb 27, 2016 11:41:15 PM org.apache.catalina.startup.TaglibUriRule body
INFO: TLD skipped. URI: http://java.sun.com/jsp/jstl/fmt is already defined
Feb 27, 2016 11:41:15 PM org.apache.catalina.startup.TaglibUriRule body
INFO: TLD skipped. URI: http://java.sun.com/jsp/jstl/functions is already defined
Feb 27, 2016 11:41:15 PM org.apache.catalina.startup.TaglibUriRule body
INFO: TLD skipped. URI: http://jakarta.apache.org/taglibs/standard/permittedTaglibs is already defined
Feb 27, 2016 11:41:15 PM org.apache.catalina.startup.TaglibUriRule body
INFO: TLD skipped. URI: http://jakarta.apache.org/taglibs/standard/scriptfree is already defined
Feb 27, 2016 11:41:15 PM org.apache.catalina.startup.TaglibUriRule body
INFO: TLD skipped. URI: http://java.sun.com/jstl/sql_rt is already defined
Feb 27, 2016 11:41:15 PM org.apache.catalina.startup.TaglibUriRule body
INFO: TLD skipped. URI: http://java.sun.com/jstl/sql is already defined
Feb 27, 2016 11:41:15 PM org.apache.catalina.startup.TaglibUriRule body
INFO: TLD skipped. URI: http://java.sun.com/jsp/jstl/sql is already defined
Feb 27, 2016 11:41:15 PM org.apache.catalina.startup.TaglibUriRule body
INFO: TLD skipped. URI: http://java.sun.com/jstl/xml_rt is already defined
Feb 27, 2016 11:41:15 PM org.apache.catalina.startup.TaglibUriRule body
INFO: TLD skipped. URI: http://java.sun.com/jstl/xml is already defined
Feb 27, 2016 11:41:15 PM org.apache.catalina.startup.TaglibUriRule body
INFO: TLD skipped. URI: http://java.sun.com/jsp/jstl/xml is already defined
Feb 27, 2016 11:41:15 PM org.apache.catalina.startup.HostConfig deployDirectory
INFO: Deploying web application directory C:\apache-tomcat-7.0.34\webapps\host-manager
Feb 27, 2016 11:41:15 PM org.apache.catalina.startup.HostConfig deployDirectory
INFO: Deploying web application directory C:\apache-tomcat-7.0.34\webapps\jsp-examples
Feb 27, 2016 11:41:16 PM org.apache.catalina.startup.HostConfig deployDirectory
INFO: Deploying web application directory C:\apache-tomcat-7.0.34\webapps\jsp-to-servlet-to-jsp
Feb 27, 2016 11:41:16 PM org.apache.catalina.startup.HostConfig deployDirectory
INFO: Deploying web application directory C:\apache-tomcat-7.0.34\webapps\manager
Feb 27, 2016 11:41:16 PM org.apache.catalina.startup.HostConfig deployDirectory
INFO: Deploying web application directory C:\apache-tomcat-7.0.34\webapps\mvc
Feb 27, 2016 11:41:16 PM org.apache.catalina.startup.HostConfig deployDirectory
INFO: Deploying web application directory C:\apache-tomcat-7.0.34\webapps\ROOT
Feb 27, 2016 11:41:16 PM org.apache.coyote.AbstractProtocol start
INFO: Starting ProtocolHandler ["http-bio-80"]
Feb 27, 2016 11:41:16 PM org.apache.coyote.AbstractProtocol start
INFO: Starting ProtocolHandler ["ajp-bio-8009"]
Feb 27, 2016 11:41:16 PM org.apache.catalina.startup.Catalina start
INFO: Server startup in 2043 ms
Feb 27, 2016 11:43:57 PM org.apache.catalina.startup.HostConfig checkResources
INFO: Reloading context [/csj]
