Feb 18, 2016 6:42:49 AM org.apache.catalina.core.AprLifecycleListener init
INFO: The APR based Apache Tomcat Native library which allows optimal performance in production environments was not found on the java.library.path: C:\Java\jdk1.7.0_79\bin;C:\WINDOWS\Sun\Java\bin;C:\WINDOWS\system32;C:\WINDOWS;"C:\Java\jdk1.7.0_79\bin";C:\PROGRA~2\Fiery\APPLIC~1\COMMON~1\EFI;C:\Program Files (x86)\RSA SecurID Token Common;C:\WINDOWS\system32;C:\WINDOWS;C:\WINDOWS\System32\Wbem;C:\WINDOWS\System32\WindowsPowerShell\v1.0\;C:\WINDOWS\System32\WindowsPowerShell\v1.0\;C:\Program Files (x86)\WebEx\Productivity Tools;C:\PROGRA~2\COMMON~1\EFI;C:\PROGRA~2\COMMON~1\EFI\EFIES-~1;C:\Program Files (x86)\Riverbed\Steelhead Mobile\;.
Feb 18, 2016 6:42:50 AM org.apache.coyote.AbstractProtocol init
INFO: Initializing ProtocolHandler ["http-bio-80"]
Feb 18, 2016 6:42:50 AM org.apache.coyote.AbstractProtocol init
INFO: Initializing ProtocolHandler ["ajp-bio-8009"]
Feb 18, 2016 6:42:50 AM org.apache.catalina.startup.Catalina load
INFO: Initialization processed in 991 ms
Feb 18, 2016 6:42:50 AM org.apache.catalina.core.StandardService startInternal
INFO: Starting service Catalina
Feb 18, 2016 6:42:50 AM org.apache.catalina.core.StandardEngine startInternal
INFO: Starting Servlet Engine: Apache Tomcat/7.0.34
Feb 18, 2016 6:42:50 AM org.apache.catalina.startup.HostConfig deployDirectory
INFO: Deploying web application directory C:\apache-tomcat-7.0.34\webapps\csj
Feb 18, 2016 6:42:50 AM org.apache.catalina.util.SessionIdGenerator createSecureRandom
INFO: Creation of SecureRandom instance for session ID generation using [SHA1PRNG] took [265] milliseconds.
Feb 18, 2016 6:42:50 AM org.apache.catalina.startup.HostConfig deployDirectory
INFO: Deploying web application directory C:\apache-tomcat-7.0.34\webapps\docs
Feb 18, 2016 6:42:50 AM org.apache.catalina.startup.HostConfig deployDirectory
INFO: Deploying web application directory C:\apache-tomcat-7.0.34\webapps\examples
Feb 18, 2016 6:42:51 AM org.apache.catalina.startup.HostConfig deployDirectory
INFO: Deploying web application directory C:\apache-tomcat-7.0.34\webapps\host-manager
Feb 18, 2016 6:42:51 AM org.apache.catalina.startup.HostConfig deployDirectory
INFO: Deploying web application directory C:\apache-tomcat-7.0.34\webapps\jsp-to-servlet-to-jsp
Feb 18, 2016 6:42:51 AM org.apache.catalina.startup.HostConfig deployDirectory
INFO: Deploying web application directory C:\apache-tomcat-7.0.34\webapps\manager
Feb 18, 2016 6:42:51 AM org.apache.catalina.startup.HostConfig deployDirectory
INFO: Deploying web application directory C:\apache-tomcat-7.0.34\webapps\mvc
Feb 18, 2016 6:42:51 AM org.apache.catalina.startup.HostConfig deployDirectory
INFO: Deploying web application directory C:\apache-tomcat-7.0.34\webapps\ROOT
Feb 18, 2016 6:42:51 AM org.apache.coyote.AbstractProtocol start
INFO: Starting ProtocolHandler ["http-bio-80"]
Feb 18, 2016 6:42:51 AM org.apache.coyote.AbstractProtocol start
INFO: Starting ProtocolHandler ["ajp-bio-8009"]
Feb 18, 2016 6:42:51 AM org.apache.catalina.startup.Catalina start
INFO: Server startup in 1356 ms
Feb 18, 2016 8:10:15 PM org.apache.catalina.core.AprLifecycleListener init
INFO: The APR based Apache Tomcat Native library which allows optimal performance in production environments was not found on the java.library.path: C:\Java\jdk1.7.0_79\bin;C:\WINDOWS\Sun\Java\bin;C:\WINDOWS\system32;C:\WINDOWS;"C:\Java\jdk1.7.0_79\bin";C:\PROGRA~2\Fiery\APPLIC~1\COMMON~1\EFI;C:\Program Files (x86)\RSA SecurID Token Common;C:\WINDOWS\system32;C:\WINDOWS;C:\WINDOWS\System32\Wbem;C:\WINDOWS\System32\WindowsPowerShell\v1.0\;C:\WINDOWS\System32\WindowsPowerShell\v1.0\;C:\Program Files (x86)\WebEx\Productivity Tools;C:\PROGRA~2\COMMON~1\EFI;C:\PROGRA~2\COMMON~1\EFI\EFIES-~1;C:\Program Files (x86)\Riverbed\Steelhead Mobile\;.
Feb 18, 2016 8:10:16 PM org.apache.coyote.AbstractProtocol init
INFO: Initializing ProtocolHandler ["http-bio-80"]
Feb 18, 2016 8:10:16 PM org.apache.coyote.AbstractProtocol init
INFO: Initializing ProtocolHandler ["ajp-bio-8009"]
Feb 18, 2016 8:10:16 PM org.apache.catalina.startup.Catalina load
INFO: Initialization processed in 833 ms
Feb 18, 2016 8:10:16 PM org.apache.catalina.core.StandardService startInternal
INFO: Starting service Catalina
Feb 18, 2016 8:10:16 PM org.apache.catalina.core.StandardEngine startInternal
INFO: Starting Servlet Engine: Apache Tomcat/7.0.34
Feb 18, 2016 8:10:16 PM org.apache.catalina.startup.HostConfig deployDirectory
INFO: Deploying web application directory C:\apache-tomcat-7.0.34\webapps\csj
Feb 18, 2016 8:10:17 PM org.apache.catalina.util.SessionIdGenerator createSecureRandom
INFO: Creation of SecureRandom instance for session ID generation using [SHA1PRNG] took [225] milliseconds.
Feb 18, 2016 8:10:17 PM org.apache.catalina.startup.HostConfig deployDirectory
INFO: Deploying web application directory C:\apache-tomcat-7.0.34\webapps\docs
Feb 18, 2016 8:10:17 PM org.apache.catalina.startup.HostConfig deployDirectory
INFO: Deploying web application directory C:\apache-tomcat-7.0.34\webapps\examples
Feb 18, 2016 8:10:17 PM org.apache.catalina.startup.HostConfig deployDirectory
INFO: Deploying web application directory C:\apache-tomcat-7.0.34\webapps\host-manager
Feb 18, 2016 8:10:17 PM org.apache.catalina.startup.HostConfig deployDirectory
INFO: Deploying web application directory C:\apache-tomcat-7.0.34\webapps\jsp-to-servlet-to-jsp
Feb 18, 2016 8:10:17 PM org.apache.catalina.startup.HostConfig deployDirectory
INFO: Deploying web application directory C:\apache-tomcat-7.0.34\webapps\manager
Feb 18, 2016 8:10:17 PM org.apache.catalina.startup.HostConfig deployDirectory
INFO: Deploying web application directory C:\apache-tomcat-7.0.34\webapps\mvc
Feb 18, 2016 8:10:17 PM org.apache.catalina.startup.HostConfig deployDirectory
INFO: Deploying web application directory C:\apache-tomcat-7.0.34\webapps\ROOT
Feb 18, 2016 8:10:17 PM org.apache.coyote.AbstractProtocol start
INFO: Starting ProtocolHandler ["http-bio-80"]
Feb 18, 2016 8:10:17 PM org.apache.coyote.AbstractProtocol start
INFO: Starting ProtocolHandler ["ajp-bio-8009"]
Feb 18, 2016 8:10:17 PM org.apache.catalina.startup.Catalina start
INFO: Server startup in 1328 ms
Feb 18, 2016 8:26:51 PM org.apache.catalina.loader.WebappClassLoader modified
SEVERE:     Resource '/WEB-INF/classes/BestDeal_ShowItems.class' is missing
Feb 18, 2016 8:26:51 PM org.apache.catalina.core.StandardContext reload
INFO: Reloading Context with name [/csj] has started
Feb 18, 2016 8:26:52 PM org.apache.catalina.core.StandardContext reload
INFO: Reloading Context with name [/csj] is completed
