Jan 29, 2016 6:44:22 AM org.apache.catalina.core.AprLifecycleListener init
INFO: The APR based Apache Tomcat Native library which allows optimal performance in production environments was not found on the java.library.path: C:\Java\jdk1.7.0_79\bin;C:\WINDOWS\Sun\Java\bin;C:\WINDOWS\system32;C:\WINDOWS;"C:\Java\jdk1.7.0_79\bin";C:\PROGRA~2\Fiery\APPLIC~1\COMMON~1\EFI;C:\Program Files (x86)\RSA SecurID Token Common;C:\WINDOWS\system32;C:\WINDOWS;C:\WINDOWS\System32\Wbem;C:\WINDOWS\System32\WindowsPowerShell\v1.0\;C:\WINDOWS\System32\WindowsPowerShell\v1.0\;C:\Program Files (x86)\WebEx\Productivity Tools;C:\PROGRA~2\COMMON~1\EFI;C:\PROGRA~2\COMMON~1\EFI\EFIES-~1;C:\Program Files (x86)\Riverbed\Steelhead Mobile\;C:\Program Files\Colligo Networks\Colligo\;.
Jan 29, 2016 6:44:23 AM org.apache.coyote.AbstractProtocol init
INFO: Initializing ProtocolHandler ["http-bio-80"]
Jan 29, 2016 6:44:23 AM org.apache.coyote.AbstractProtocol init
INFO: Initializing ProtocolHandler ["ajp-bio-8009"]
Jan 29, 2016 6:44:23 AM org.apache.catalina.startup.Catalina load
INFO: Initialization processed in 811 ms
Jan 29, 2016 6:44:23 AM org.apache.catalina.core.StandardService startInternal
INFO: Starting service Catalina
Jan 29, 2016 6:44:23 AM org.apache.catalina.core.StandardEngine startInternal
INFO: Starting Servlet Engine: Apache Tomcat/7.0.34
Jan 29, 2016 6:44:23 AM org.apache.catalina.startup.HostConfig deployDirectory
INFO: Deploying web application directory C:\apache-tomcat-7.0.34\webapps\csj
Jan 29, 2016 6:44:33 AM org.apache.catalina.util.SessionIdGenerator createSecureRandom
INFO: Creation of SecureRandom instance for session ID generation using [SHA1PRNG] took [9,591] milliseconds.
Jan 29, 2016 6:44:33 AM org.apache.catalina.startup.HostConfig deployDirectory
INFO: Deploying web application directory C:\apache-tomcat-7.0.34\webapps\docs
Jan 29, 2016 6:44:33 AM org.apache.catalina.startup.HostConfig deployDirectory
INFO: Deploying web application directory C:\apache-tomcat-7.0.34\webapps\examples
Jan 29, 2016 6:44:33 AM org.apache.catalina.startup.HostConfig deployDirectory
INFO: Deploying web application directory C:\apache-tomcat-7.0.34\webapps\host-manager
Jan 29, 2016 6:44:33 AM org.apache.catalina.startup.HostConfig deployDirectory
INFO: Deploying web application directory C:\apache-tomcat-7.0.34\webapps\manager
Jan 29, 2016 6:44:33 AM org.apache.catalina.startup.HostConfig deployDirectory
INFO: Deploying web application directory C:\apache-tomcat-7.0.34\webapps\ROOT
Jan 29, 2016 6:44:33 AM org.apache.coyote.AbstractProtocol start
INFO: Starting ProtocolHandler ["http-bio-80"]
Jan 29, 2016 6:44:33 AM org.apache.coyote.AbstractProtocol start
INFO: Starting ProtocolHandler ["ajp-bio-8009"]
Jan 29, 2016 6:44:33 AM org.apache.catalina.startup.Catalina start
INFO: Server startup in 10471 ms
Jan 29, 2016 6:52:05 AM org.apache.catalina.startup.HostConfig checkResources
INFO: Reloading context [/csj]
Jan 29, 2016 6:52:05 AM org.apache.catalina.core.StandardContext reload
INFO: Reloading Context with name [/csj] has started
Jan 29, 2016 6:52:05 AM org.apache.catalina.core.StandardContext reload
INFO: Reloading Context with name [/csj] is completed
Jan 29, 2016 6:53:15 AM org.apache.catalina.startup.HostConfig checkResources
INFO: Reloading context [/csj]
Jan 29, 2016 6:53:15 AM org.apache.catalina.core.StandardContext reload
INFO: Reloading Context with name [/csj] has started
Jan 29, 2016 6:53:16 AM org.apache.catalina.core.StandardContext reload
INFO: Reloading Context with name [/csj] is completed
Jan 29, 2016 6:56:47 AM org.apache.catalina.startup.HostConfig checkResources
INFO: Reloading context [/csj]
Jan 29, 2016 6:56:47 AM org.apache.catalina.core.StandardContext reload
INFO: Reloading Context with name [/csj] has started
Jan 29, 2016 6:56:47 AM org.apache.catalina.core.StandardContext reload
INFO: Reloading Context with name [/csj] is completed
Jan 29, 2016 6:58:17 AM org.apache.catalina.startup.HostConfig checkResources
INFO: Reloading context [/csj]
Jan 29, 2016 6:58:17 AM org.apache.catalina.core.StandardContext reload
INFO: Reloading Context with name [/csj] has started
Jan 29, 2016 6:58:18 AM org.apache.catalina.core.StandardContext reload
INFO: Reloading Context with name [/csj] is completed
Jan 29, 2016 7:00:18 AM org.apache.catalina.startup.HostConfig checkResources
INFO: Reloading context [/csj]
Jan 29, 2016 7:00:18 AM org.apache.catalina.core.StandardContext reload
INFO: Reloading Context with name [/csj] has started
Jan 29, 2016 7:00:19 AM org.apache.catalina.core.StandardContext reload
INFO: Reloading Context with name [/csj] is completed
Jan 29, 2016 7:05:30 AM org.apache.catalina.startup.HostConfig checkResources
INFO: Reloading context [/csj]
Jan 29, 2016 7:05:30 AM org.apache.catalina.core.StandardContext reload
INFO: Reloading Context with name [/csj] has started
Jan 29, 2016 7:05:30 AM org.apache.catalina.core.StandardContext reload
INFO: Reloading Context with name [/csj] is completed
Jan 29, 2016 7:07:31 AM org.apache.catalina.startup.HostConfig checkResources
INFO: Reloading context [/csj]
Jan 29, 2016 7:07:31 AM org.apache.catalina.core.StandardContext reload
INFO: Reloading Context with name [/csj] has started
Jan 29, 2016 7:07:31 AM org.apache.catalina.core.StandardContext reload
INFO: Reloading Context with name [/csj] is completed
Jan 29, 2016 7:11:22 AM org.apache.catalina.startup.HostConfig checkResources
INFO: Reloading context [/csj]
Jan 29, 2016 7:11:22 AM org.apache.catalina.core.StandardContext reload
INFO: Reloading Context with name [/csj] has started
Jan 29, 2016 7:11:23 AM org.apache.catalina.core.StandardContext reload
INFO: Reloading Context with name [/csj] is completed
Jan 29, 2016 7:11:53 AM org.apache.catalina.startup.HostConfig checkResources
INFO: Reloading context [/csj]
Jan 29, 2016 7:11:53 AM org.apache.catalina.core.StandardContext reload
INFO: Reloading Context with name [/csj] has started
Jan 29, 2016 7:11:53 AM org.apache.catalina.core.StandardContext reload
INFO: Reloading Context with name [/csj] is completed
Jan 29, 2016 7:13:14 AM org.apache.catalina.startup.HostConfig checkResources
INFO: Reloading context [/csj]
Jan 29, 2016 7:13:14 AM org.apache.catalina.core.StandardContext reload
INFO: Reloading Context with name [/csj] has started
Jan 29, 2016 7:13:14 AM org.apache.catalina.core.StandardContext reload
INFO: Reloading Context with name [/csj] is completed
Jan 29, 2016 7:15:45 AM org.apache.catalina.startup.HostConfig checkResources
INFO: Reloading context [/csj]
Jan 29, 2016 7:15:45 AM org.apache.catalina.core.StandardContext reload
INFO: Reloading Context with name [/csj] has started
Jan 29, 2016 7:15:45 AM org.apache.catalina.core.StandardContext reload
INFO: Reloading Context with name [/csj] is completed
Jan 29, 2016 7:16:15 AM org.apache.catalina.startup.HostConfig checkResources
INFO: Reloading context [/csj]
Jan 29, 2016 7:16:15 AM org.apache.catalina.core.StandardContext reload
INFO: Reloading Context with name [/csj] has started
Jan 29, 2016 7:16:16 AM org.apache.catalina.core.StandardContext reload
INFO: Reloading Context with name [/csj] is completed
Jan 29, 2016 7:16:36 AM org.apache.catalina.startup.HostConfig checkResources
INFO: Reloading context [/csj]
Jan 29, 2016 7:16:36 AM org.apache.catalina.core.StandardContext reload
INFO: Reloading Context with name [/csj] has started
Jan 29, 2016 7:16:36 AM org.apache.catalina.core.StandardContext reload
INFO: Reloading Context with name [/csj] is completed
Jan 29, 2016 7:22:08 AM org.apache.catalina.startup.HostConfig checkResources
INFO: Reloading context [/csj]
Jan 29, 2016 7:22:08 AM org.apache.catalina.core.StandardContext reload
INFO: Reloading Context with name [/csj] has started
Jan 29, 2016 7:22:08 AM org.apache.catalina.core.StandardContext reload
INFO: Reloading Context with name [/csj] is completed
Jan 29, 2016 7:23:59 AM org.apache.catalina.startup.HostConfig checkResources
INFO: Reloading context [/csj]
Jan 29, 2016 7:23:59 AM org.apache.catalina.core.StandardContext reload
INFO: Reloading Context with name [/csj] has started
Jan 29, 2016 7:23:59 AM org.apache.catalina.core.StandardContext reload
INFO: Reloading Context with name [/csj] is completed
Jan 29, 2016 10:18:40 AM org.apache.catalina.core.AprLifecycleListener init
INFO: The APR based Apache Tomcat Native library which allows optimal performance in production environments was not found on the java.library.path: C:\Java\jdk1.7.0_79\bin;C:\WINDOWS\Sun\Java\bin;C:\WINDOWS\system32;C:\WINDOWS;"C:\Java\jdk1.7.0_79\bin";C:\PROGRA~2\Fiery\APPLIC~1\COMMON~1\EFI;C:\Program Files (x86)\RSA SecurID Token Common;C:\WINDOWS\system32;C:\WINDOWS;C:\WINDOWS\System32\Wbem;C:\WINDOWS\System32\WindowsPowerShell\v1.0\;C:\WINDOWS\System32\WindowsPowerShell\v1.0\;C:\Program Files (x86)\WebEx\Productivity Tools;C:\PROGRA~2\COMMON~1\EFI;C:\PROGRA~2\COMMON~1\EFI\EFIES-~1;C:\Program Files (x86)\Riverbed\Steelhead Mobile\;C:\Program Files\Colligo Networks\Colligo\;.
Jan 29, 2016 10:18:40 AM org.apache.coyote.AbstractProtocol init
INFO: Initializing ProtocolHandler ["http-bio-80"]
Jan 29, 2016 10:18:40 AM org.apache.coyote.AbstractProtocol init
INFO: Initializing ProtocolHandler ["ajp-bio-8009"]
Jan 29, 2016 10:18:40 AM org.apache.catalina.startup.Catalina load
INFO: Initialization processed in 975 ms
Jan 29, 2016 10:18:40 AM org.apache.catalina.core.StandardService startInternal
INFO: Starting service Catalina
Jan 29, 2016 10:18:40 AM org.apache.catalina.core.StandardEngine startInternal
INFO: Starting Servlet Engine: Apache Tomcat/7.0.34
Jan 29, 2016 10:18:40 AM org.apache.catalina.startup.HostConfig deployDirectory
INFO: Deploying web application directory C:\apache-tomcat-7.0.34\webapps\csj
Jan 29, 2016 10:18:41 AM org.apache.catalina.util.SessionIdGenerator createSecureRandom
INFO: Creation of SecureRandom instance for session ID generation using [SHA1PRNG] took [292] milliseconds.
Jan 29, 2016 10:18:41 AM org.apache.catalina.startup.HostConfig deployDirectory
INFO: Deploying web application directory C:\apache-tomcat-7.0.34\webapps\docs
Jan 29, 2016 10:18:41 AM org.apache.catalina.startup.HostConfig deployDirectory
INFO: Deploying web application directory C:\apache-tomcat-7.0.34\webapps\examples
Jan 29, 2016 10:18:41 AM org.apache.catalina.startup.HostConfig deployDirectory
INFO: Deploying web application directory C:\apache-tomcat-7.0.34\webapps\host-manager
Jan 29, 2016 10:18:41 AM org.apache.catalina.startup.HostConfig deployDirectory
INFO: Deploying web application directory C:\apache-tomcat-7.0.34\webapps\manager
Jan 29, 2016 10:18:41 AM org.apache.catalina.startup.HostConfig deployDirectory
INFO: Deploying web application directory C:\apache-tomcat-7.0.34\webapps\ROOT
Jan 29, 2016 10:18:42 AM org.apache.coyote.AbstractProtocol start
INFO: Starting ProtocolHandler ["http-bio-80"]
Jan 29, 2016 10:18:42 AM org.apache.coyote.AbstractProtocol start
INFO: Starting ProtocolHandler ["ajp-bio-8009"]
Jan 29, 2016 10:18:42 AM org.apache.catalina.startup.Catalina start
INFO: Server startup in 1450 ms
