Feb 01, 2016 6:38:07 AM org.apache.catalina.core.AprLifecycleListener init
INFO: The APR based Apache Tomcat Native library which allows optimal performance in production environments was not found on the java.library.path: C:\Java\jdk1.7.0_79\bin;C:\WINDOWS\Sun\Java\bin;C:\WINDOWS\system32;C:\WINDOWS;"C:\Java\jdk1.7.0_79\bin";C:\PROGRA~2\Fiery\APPLIC~1\COMMON~1\EFI;C:\Program Files (x86)\RSA SecurID Token Common;C:\WINDOWS\system32;C:\WINDOWS;C:\WINDOWS\System32\Wbem;C:\WINDOWS\System32\WindowsPowerShell\v1.0\;C:\WINDOWS\System32\WindowsPowerShell\v1.0\;C:\Program Files (x86)\WebEx\Productivity Tools;C:\PROGRA~2\COMMON~1\EFI;C:\PROGRA~2\COMMON~1\EFI\EFIES-~1;C:\Program Files (x86)\Riverbed\Steelhead Mobile\;.
Feb 01, 2016 6:38:07 AM org.apache.coyote.AbstractProtocol init
INFO: Initializing ProtocolHandler ["http-bio-80"]
Feb 01, 2016 6:38:07 AM org.apache.coyote.AbstractProtocol init
INFO: Initializing ProtocolHandler ["ajp-bio-8009"]
Feb 01, 2016 6:38:07 AM org.apache.catalina.startup.Catalina load
INFO: Initialization processed in 830 ms
Feb 01, 2016 6:38:07 AM org.apache.catalina.core.StandardService startInternal
INFO: Starting service Catalina
Feb 01, 2016 6:38:07 AM org.apache.catalina.core.StandardEngine startInternal
INFO: Starting Servlet Engine: Apache Tomcat/7.0.34
Feb 01, 2016 6:38:07 AM org.apache.catalina.startup.HostConfig deployDirectory
INFO: Deploying web application directory C:\apache-tomcat-7.0.34\webapps\csj
Feb 01, 2016 6:38:08 AM org.apache.catalina.util.SessionIdGenerator createSecureRandom
INFO: Creation of SecureRandom instance for session ID generation using [SHA1PRNG] took [225] milliseconds.
Feb 01, 2016 6:38:08 AM org.apache.catalina.startup.HostConfig deployDirectory
INFO: Deploying web application directory C:\apache-tomcat-7.0.34\webapps\docs
Feb 01, 2016 6:38:08 AM org.apache.catalina.startup.HostConfig deployDirectory
INFO: Deploying web application directory C:\apache-tomcat-7.0.34\webapps\examples
Feb 01, 2016 6:38:08 AM org.apache.catalina.startup.HostConfig deployDirectory
INFO: Deploying web application directory C:\apache-tomcat-7.0.34\webapps\host-manager
Feb 01, 2016 6:38:08 AM org.apache.catalina.startup.HostConfig deployDirectory
INFO: Deploying web application directory C:\apache-tomcat-7.0.34\webapps\manager
Feb 01, 2016 6:38:08 AM org.apache.catalina.startup.HostConfig deployDirectory
INFO: Deploying web application directory C:\apache-tomcat-7.0.34\webapps\ROOT
Feb 01, 2016 6:38:08 AM org.apache.coyote.AbstractProtocol start
INFO: Starting ProtocolHandler ["http-bio-80"]
Feb 01, 2016 6:38:08 AM org.apache.coyote.AbstractProtocol start
INFO: Starting ProtocolHandler ["ajp-bio-8009"]
Feb 01, 2016 6:38:08 AM org.apache.catalina.startup.Catalina start
INFO: Server startup in 1140 ms
Feb 01, 2016 7:14:26 AM org.apache.catalina.core.StandardContext reload
INFO: Reloading Context with name [/csj] has started
Feb 01, 2016 7:14:27 AM org.apache.catalina.core.StandardContext reload
INFO: Reloading Context with name [/csj] is completed
Feb 01, 2016 7:18:28 AM org.apache.catalina.core.StandardContext reload
INFO: Reloading Context with name [/csj] has started
Feb 01, 2016 7:18:28 AM org.apache.catalina.core.StandardContext reload
INFO: Reloading Context with name [/csj] is completed
Feb 01, 2016 3:27:26 PM org.apache.catalina.core.AprLifecycleListener init
INFO: The APR based Apache Tomcat Native library which allows optimal performance in production environments was not found on the java.library.path: C:\Java\jdk1.7.0_79\bin;C:\WINDOWS\Sun\Java\bin;C:\WINDOWS\system32;C:\WINDOWS;"C:\Java\jdk1.7.0_79\bin";C:\PROGRA~2\Fiery\APPLIC~1\COMMON~1\EFI;C:\Program Files (x86)\RSA SecurID Token Common;C:\WINDOWS\system32;C:\WINDOWS;C:\WINDOWS\System32\Wbem;C:\WINDOWS\System32\WindowsPowerShell\v1.0\;C:\WINDOWS\System32\WindowsPowerShell\v1.0\;C:\Program Files (x86)\WebEx\Productivity Tools;C:\PROGRA~2\COMMON~1\EFI;C:\PROGRA~2\COMMON~1\EFI\EFIES-~1;C:\Program Files (x86)\Riverbed\Steelhead Mobile\;C:\Program Files\Colligo Networks\Colligo\;.
Feb 01, 2016 3:27:27 PM org.apache.coyote.AbstractProtocol init
INFO: Initializing ProtocolHandler ["http-bio-80"]
Feb 01, 2016 3:27:27 PM org.apache.coyote.AbstractProtocol init
INFO: Initializing ProtocolHandler ["ajp-bio-8009"]
Feb 01, 2016 3:27:27 PM org.apache.catalina.startup.Catalina load
INFO: Initialization processed in 1143 ms
Feb 01, 2016 3:27:27 PM org.apache.catalina.core.StandardService startInternal
INFO: Starting service Catalina
Feb 01, 2016 3:27:27 PM org.apache.catalina.core.StandardEngine startInternal
INFO: Starting Servlet Engine: Apache Tomcat/7.0.34
Feb 01, 2016 3:27:27 PM org.apache.catalina.startup.HostConfig deployDirectory
INFO: Deploying web application directory C:\apache-tomcat-7.0.34\webapps\csj
Feb 01, 2016 3:27:27 PM org.apache.catalina.util.SessionIdGenerator createSecureRandom
INFO: Creation of SecureRandom instance for session ID generation using [SHA1PRNG] took [259] milliseconds.
Feb 01, 2016 3:27:27 PM org.apache.catalina.startup.HostConfig deployDirectory
INFO: Deploying web application directory C:\apache-tomcat-7.0.34\webapps\docs
Feb 01, 2016 3:27:27 PM org.apache.catalina.startup.HostConfig deployDirectory
INFO: Deploying web application directory C:\apache-tomcat-7.0.34\webapps\examples
Feb 01, 2016 3:27:28 PM org.apache.catalina.startup.HostConfig deployDirectory
INFO: Deploying web application directory C:\apache-tomcat-7.0.34\webapps\host-manager
Feb 01, 2016 3:27:28 PM org.apache.catalina.startup.HostConfig deployDirectory
INFO: Deploying web application directory C:\apache-tomcat-7.0.34\webapps\manager
Feb 01, 2016 3:27:28 PM org.apache.catalina.startup.HostConfig deployDirectory
INFO: Deploying web application directory C:\apache-tomcat-7.0.34\webapps\ROOT
Feb 01, 2016 3:27:28 PM org.apache.coyote.AbstractProtocol start
INFO: Starting ProtocolHandler ["http-bio-80"]
Feb 01, 2016 3:27:28 PM org.apache.coyote.AbstractProtocol start
INFO: Starting ProtocolHandler ["ajp-bio-8009"]
Feb 01, 2016 3:27:28 PM org.apache.catalina.startup.Catalina start
INFO: Server startup in 1321 ms
Feb 01, 2016 3:45:31 PM org.apache.catalina.core.StandardContext reload
INFO: Reloading Context with name [/csj] has started
Feb 01, 2016 3:45:32 PM org.apache.catalina.core.StandardContext reload
INFO: Reloading Context with name [/csj] is completed
Feb 01, 2016 3:50:23 PM org.apache.catalina.core.StandardContext reload
INFO: Reloading Context with name [/csj] has started
Feb 01, 2016 3:50:23 PM org.apache.catalina.core.StandardContext reload
INFO: Reloading Context with name [/csj] is completed
Feb 01, 2016 3:55:34 PM org.apache.catalina.core.StandardContext reload
INFO: Reloading Context with name [/csj] has started
Feb 01, 2016 3:55:34 PM org.apache.catalina.core.StandardContext reload
INFO: Reloading Context with name [/csj] is completed
Feb 01, 2016 3:56:45 PM org.apache.catalina.core.StandardContext reload
INFO: Reloading Context with name [/csj] has started
Feb 01, 2016 3:56:45 PM org.apache.catalina.core.StandardContext reload
INFO: Reloading Context with name [/csj] is completed
Feb 01, 2016 4:31:32 PM org.apache.catalina.core.StandardContext reload
INFO: Reloading Context with name [/csj] has started
Feb 01, 2016 4:31:32 PM org.apache.catalina.core.StandardContext reload
INFO: Reloading Context with name [/csj] is completed
Feb 01, 2016 4:33:03 PM org.apache.catalina.core.StandardContext reload
INFO: Reloading Context with name [/csj] has started
Feb 01, 2016 4:33:03 PM org.apache.catalina.core.StandardContext reload
INFO: Reloading Context with name [/csj] is completed
Feb 01, 2016 4:58:39 PM org.apache.catalina.core.StandardContext reload
INFO: Reloading Context with name [/csj] has started
Feb 01, 2016 4:58:40 PM org.apache.catalina.core.StandardContext reload
INFO: Reloading Context with name [/csj] is completed
Feb 01, 2016 5:01:30 PM org.apache.catalina.core.StandardContext reload
INFO: Reloading Context with name [/csj] has started
Feb 01, 2016 5:01:31 PM org.apache.catalina.core.StandardContext reload
INFO: Reloading Context with name [/csj] is completed
Feb 01, 2016 5:11:03 PM org.apache.catalina.core.StandardContext reload
INFO: Reloading Context with name [/csj] has started
Feb 01, 2016 5:11:04 PM org.apache.catalina.core.StandardContext reload
INFO: Reloading Context with name [/csj] is completed
Feb 01, 2016 5:13:14 PM org.apache.catalina.core.StandardContext reload
INFO: Reloading Context with name [/csj] has started
Feb 01, 2016 5:13:15 PM org.apache.catalina.core.StandardContext reload
INFO: Reloading Context with name [/csj] is completed
Feb 01, 2016 5:44:41 PM org.apache.catalina.core.StandardContext reload
INFO: Reloading Context with name [/csj] has started
Feb 01, 2016 5:44:42 PM org.apache.catalina.core.StandardContext reload
INFO: Reloading Context with name [/csj] is completed
Feb 01, 2016 5:46:12 PM org.apache.catalina.startup.HostConfig checkResources
INFO: Reloading context [/csj]
Feb 01, 2016 5:46:12 PM org.apache.catalina.core.StandardContext reload
INFO: Reloading Context with name [/csj] has started
Feb 01, 2016 5:46:13 PM org.apache.catalina.core.StandardContext reload
INFO: Reloading Context with name [/csj] is completed
Feb 01, 2016 5:47:03 PM org.apache.catalina.startup.HostConfig checkResources
INFO: Reloading context [/csj]
Feb 01, 2016 5:47:03 PM org.apache.catalina.core.StandardContext reload
INFO: Reloading Context with name [/csj] has started
Feb 01, 2016 5:47:03 PM org.apache.catalina.core.StandardContext reload
INFO: Reloading Context with name [/csj] is completed
Feb 01, 2016 5:47:23 PM org.apache.catalina.startup.HostConfig checkResources
INFO: Reloading context [/csj]
Feb 01, 2016 5:47:23 PM org.apache.catalina.core.StandardContext reload
INFO: Reloading Context with name [/csj] has started
Feb 01, 2016 5:47:24 PM org.apache.catalina.core.StandardContext reload
INFO: Reloading Context with name [/csj] is completed
Feb 01, 2016 5:47:34 PM org.apache.catalina.startup.HostConfig checkResources
INFO: Reloading context [/csj]
Feb 01, 2016 5:47:34 PM org.apache.catalina.core.StandardContext reload
INFO: Reloading Context with name [/csj] has started
Feb 01, 2016 5:47:34 PM org.apache.catalina.core.StandardContext reload
INFO: Reloading Context with name [/csj] is completed
Feb 01, 2016 8:10:00 PM org.apache.catalina.core.StandardContext reload
INFO: Reloading Context with name [/csj] has started
Feb 01, 2016 8:10:00 PM org.apache.catalina.core.StandardContext reload
INFO: Reloading Context with name [/csj] is completed
Feb 01, 2016 8:24:13 PM org.apache.catalina.core.StandardContext reload
INFO: Reloading Context with name [/csj] has started
Feb 01, 2016 8:24:14 PM org.apache.catalina.core.StandardContext reload
INFO: Reloading Context with name [/csj] is completed
Feb 01, 2016 8:35:26 PM org.apache.catalina.core.StandardContext reload
INFO: Reloading Context with name [/csj] has started
Feb 01, 2016 8:35:27 PM org.apache.catalina.core.StandardContext reload
INFO: Reloading Context with name [/csj] is completed
Feb 01, 2016 8:39:58 PM org.apache.catalina.core.StandardContext reload
INFO: Reloading Context with name [/csj] has started
Feb 01, 2016 8:39:58 PM org.apache.catalina.core.StandardContext reload
INFO: Reloading Context with name [/csj] is completed
Feb 01, 2016 8:41:09 PM org.apache.catalina.core.StandardContext reload
INFO: Reloading Context with name [/csj] has started
Feb 01, 2016 8:41:09 PM org.apache.catalina.core.StandardContext reload
INFO: Reloading Context with name [/csj] is completed
Feb 01, 2016 8:43:10 PM org.apache.catalina.core.StandardContext reload
INFO: Reloading Context with name [/csj] has started
Feb 01, 2016 8:43:10 PM org.apache.catalina.core.StandardContext reload
INFO: Reloading Context with name [/csj] is completed
Feb 01, 2016 9:08:06 PM org.apache.catalina.startup.HostConfig checkResources
INFO: Reloading context [/csj]
Feb 01, 2016 9:08:06 PM org.apache.catalina.core.StandardContext reload
INFO: Reloading Context with name [/csj] has started
Feb 01, 2016 9:08:06 PM org.apache.catalina.core.StandardContext reload
INFO: Reloading Context with name [/csj] is completed
