Mar 09, 2016 8:49:24 AM org.apache.catalina.core.AprLifecycleListener init
INFO: The APR based Apache Tomcat Native library which allows optimal performance in production environments was not found on the java.library.path: C:\Java\jdk1.7.0_79\bin;C:\WINDOWS\Sun\Java\bin;C:\WINDOWS\system32;C:\WINDOWS;"C:\Java\jdk1.7.0_79\bin";C:\PROGRA~2\Fiery\APPLIC~1\COMMON~1\EFI;C:\Program Files (x86)\RSA SecurID Token Common;C:\WINDOWS\system32;C:\WINDOWS;C:\WINDOWS\System32\Wbem;C:\WINDOWS\System32\WindowsPowerShell\v1.0\;C:\WINDOWS\System32\WindowsPowerShell\v1.0\;C:\Program Files (x86)\WebEx\Productivity Tools;C:\PROGRA~2\COMMON~1\EFI;C:\PROGRA~2\COMMON~1\EFI\EFIES-~1;C:\Program Files (x86)\Riverbed\Steelhead Mobile\;C:\Program Files (x86)\MySQL\MySQL Fabric 1.5 ;.
Mar 09, 2016 8:49:25 AM org.apache.coyote.AbstractProtocol init
INFO: Initializing ProtocolHandler ["http-bio-80"]
Mar 09, 2016 8:49:25 AM org.apache.coyote.AbstractProtocol init
INFO: Initializing ProtocolHandler ["ajp-bio-8009"]
Mar 09, 2016 8:49:25 AM org.apache.catalina.startup.Catalina load
INFO: Initialization processed in 1387 ms
Mar 09, 2016 8:49:25 AM org.apache.catalina.core.StandardService startInternal
INFO: Starting service Catalina
Mar 09, 2016 8:49:25 AM org.apache.catalina.core.StandardEngine startInternal
INFO: Starting Servlet Engine: Apache Tomcat/7.0.34
Mar 09, 2016 8:49:25 AM org.apache.catalina.startup.HostConfig deployDirectory
INFO: Deploying web application directory C:\apache-tomcat-7.0.34\webapps\ajax-my-app
Mar 09, 2016 8:49:27 AM org.apache.catalina.util.SessionIdGenerator createSecureRandom
INFO: Creation of SecureRandom instance for session ID generation using [SHA1PRNG] took [524] milliseconds.
Mar 09, 2016 8:49:27 AM org.apache.catalina.startup.HostConfig deployDirectory
INFO: Deploying web application directory C:\apache-tomcat-7.0.34\webapps\Ass#3
Mar 09, 2016 8:49:27 AM org.apache.catalina.startup.HostConfig deployDirectory
INFO: Deploying web application directory C:\apache-tomcat-7.0.34\webapps\Ass#4
Mar 09, 2016 8:49:27 AM org.apache.catalina.startup.HostConfig deployDirectory
INFO: Deploying web application directory C:\apache-tomcat-7.0.34\webapps\bestdeal_OLD
Mar 09, 2016 8:49:27 AM org.apache.catalina.startup.HostConfig deployDirectory
INFO: Deploying web application directory C:\apache-tomcat-7.0.34\webapps\csj
Mar 09, 2016 8:49:27 AM org.apache.catalina.startup.HostConfig deployDirectory
INFO: Deploying web application directory C:\apache-tomcat-7.0.34\webapps\docs
Mar 09, 2016 8:49:28 AM org.apache.catalina.startup.HostConfig deployDirectory
INFO: Deploying web application directory C:\apache-tomcat-7.0.34\webapps\examples
Mar 09, 2016 8:49:28 AM org.apache.catalina.startup.TaglibUriRule body
INFO: TLD skipped. URI: http://java.sun.com/jstl/core_rt is already defined
Mar 09, 2016 8:49:28 AM org.apache.catalina.startup.TaglibUriRule body
INFO: TLD skipped. URI: http://java.sun.com/jstl/core is already defined
Mar 09, 2016 8:49:28 AM org.apache.catalina.startup.TaglibUriRule body
INFO: TLD skipped. URI: http://java.sun.com/jsp/jstl/core is already defined
Mar 09, 2016 8:49:28 AM org.apache.catalina.startup.TaglibUriRule body
INFO: TLD skipped. URI: http://java.sun.com/jstl/fmt_rt is already defined
Mar 09, 2016 8:49:28 AM org.apache.catalina.startup.TaglibUriRule body
INFO: TLD skipped. URI: http://java.sun.com/jstl/fmt is already defined
Mar 09, 2016 8:49:28 AM org.apache.catalina.startup.TaglibUriRule body
INFO: TLD skipped. URI: http://java.sun.com/jsp/jstl/fmt is already defined
Mar 09, 2016 8:49:28 AM org.apache.catalina.startup.TaglibUriRule body
INFO: TLD skipped. URI: http://java.sun.com/jsp/jstl/functions is already defined
Mar 09, 2016 8:49:28 AM org.apache.catalina.startup.TaglibUriRule body
INFO: TLD skipped. URI: http://jakarta.apache.org/taglibs/standard/permittedTaglibs is already defined
Mar 09, 2016 8:49:28 AM org.apache.catalina.startup.TaglibUriRule body
INFO: TLD skipped. URI: http://jakarta.apache.org/taglibs/standard/scriptfree is already defined
Mar 09, 2016 8:49:28 AM org.apache.catalina.startup.TaglibUriRule body
INFO: TLD skipped. URI: http://java.sun.com/jstl/sql_rt is already defined
Mar 09, 2016 8:49:28 AM org.apache.catalina.startup.TaglibUriRule body
INFO: TLD skipped. URI: http://java.sun.com/jstl/sql is already defined
Mar 09, 2016 8:49:28 AM org.apache.catalina.startup.TaglibUriRule body
INFO: TLD skipped. URI: http://java.sun.com/jsp/jstl/sql is already defined
Mar 09, 2016 8:49:28 AM org.apache.catalina.startup.TaglibUriRule body
INFO: TLD skipped. URI: http://java.sun.com/jstl/xml_rt is already defined
Mar 09, 2016 8:49:28 AM org.apache.catalina.startup.TaglibUriRule body
INFO: TLD skipped. URI: http://java.sun.com/jstl/xml is already defined
Mar 09, 2016 8:49:28 AM org.apache.catalina.startup.TaglibUriRule body
INFO: TLD skipped. URI: http://java.sun.com/jsp/jstl/xml is already defined
Mar 09, 2016 8:49:28 AM org.apache.catalina.startup.HostConfig deployDirectory
INFO: Deploying web application directory C:\apache-tomcat-7.0.34\webapps\host-manager
Mar 09, 2016 8:49:28 AM org.apache.catalina.startup.HostConfig deployDirectory
INFO: Deploying web application directory C:\apache-tomcat-7.0.34\webapps\jsp-examples
Mar 09, 2016 8:49:28 AM org.apache.catalina.startup.HostConfig deployDirectory
INFO: Deploying web application directory C:\apache-tomcat-7.0.34\webapps\jsp-to-servlet-to-jsp
Mar 09, 2016 8:49:28 AM org.apache.catalina.startup.HostConfig deployDirectory
INFO: Deploying web application directory C:\apache-tomcat-7.0.34\webapps\manager
Mar 09, 2016 8:49:28 AM org.apache.catalina.startup.HostConfig deployDirectory
INFO: Deploying web application directory C:\apache-tomcat-7.0.34\webapps\mvc
Mar 09, 2016 8:49:29 AM org.apache.catalina.startup.HostConfig deployDirectory
INFO: Deploying web application directory C:\apache-tomcat-7.0.34\webapps\New folder
Mar 09, 2016 8:49:29 AM org.apache.catalina.startup.HostConfig deployDirectory
INFO: Deploying web application directory C:\apache-tomcat-7.0.34\webapps\ROOT
Mar 09, 2016 8:49:29 AM org.apache.catalina.startup.HostConfig deployDirectory
INFO: Deploying web application directory C:\apache-tomcat-7.0.34\webapps\tmp
Mar 09, 2016 8:49:29 AM org.apache.catalina.startup.HostConfig deployDirectory
INFO: Deploying web application directory C:\apache-tomcat-7.0.34\webapps\user
Mar 09, 2016 8:49:29 AM org.apache.catalina.startup.HostConfig deployDirectory
INFO: Deploying web application directory C:\apache-tomcat-7.0.34\webapps\UserIO
Mar 09, 2016 8:49:29 AM org.apache.coyote.AbstractProtocol start
INFO: Starting ProtocolHandler ["http-bio-80"]
Mar 09, 2016 8:49:29 AM org.apache.coyote.AbstractProtocol start
INFO: Starting ProtocolHandler ["ajp-bio-8009"]
Mar 09, 2016 8:49:29 AM org.apache.catalina.startup.Catalina start
INFO: Server startup in 3955 ms
