Jan 31, 2016 6:33:45 PM org.apache.catalina.core.ApplicationContext log
INFO: ContextListener: contextInitialized()
Jan 31, 2016 6:33:45 PM org.apache.catalina.core.ApplicationContext log
INFO: SessionListener: contextInitialized()
Jan 31, 2016 6:33:45 PM org.apache.catalina.core.ApplicationContext log
INFO: ContextListener: attributeAdded('org.apache.jasper.compiler.TldLocationsCache', 'org.apache.jasper.compiler.TldLocationsCache@2407d8e4')
Jan 31, 2016 7:22:04 PM org.apache.catalina.core.ApplicationContext log
INFO: Marking servlet ShoppingCart as unavailable
Jan 31, 2016 7:22:04 PM org.apache.catalina.core.StandardWrapperValve invoke
SEVERE: Allocate exception for servlet ShoppingCart
java.lang.ClassCastException: ShoppingCart cannot be cast to javax.servlet.Servlet
	at org.apache.catalina.core.StandardWrapper.loadServlet(StandardWrapper.java:1137)
	at org.apache.catalina.core.StandardWrapper.allocate(StandardWrapper.java:858)
	at org.apache.catalina.core.StandardWrapperValve.invoke(StandardWrapperValve.java:136)
	at org.apache.catalina.core.StandardContextValve.invoke(StandardContextValve.java:123)
	at org.apache.catalina.core.StandardHostValve.invoke(StandardHostValve.java:171)
	at org.apache.catalina.valves.ErrorReportValve.invoke(ErrorReportValve.java:99)
	at org.apache.catalina.valves.AccessLogValve.invoke(AccessLogValve.java:936)
	at org.apache.catalina.core.StandardEngineValve.invoke(StandardEngineValve.java:118)
	at org.apache.catalina.connector.CoyoteAdapter.service(CoyoteAdapter.java:407)
	at org.apache.coyote.http11.AbstractHttp11Processor.process(AbstractHttp11Processor.java:1004)
	at org.apache.coyote.AbstractProtocol$AbstractConnectionHandler.process(AbstractProtocol.java:589)
	at org.apache.tomcat.util.net.JIoEndpoint$SocketProcessor.run(JIoEndpoint.java:310)
	at java.util.concurrent.ThreadPoolExecutor.runWorker(ThreadPoolExecutor.java:1145)
	at java.util.concurrent.ThreadPoolExecutor$Worker.run(ThreadPoolExecutor.java:615)
	at java.lang.Thread.run(Thread.java:745)

Jan 31, 2016 7:23:00 PM org.apache.catalina.core.ApplicationContext log
INFO: Marking servlet ShoppingCart as unavailable
Jan 31, 2016 7:23:00 PM org.apache.catalina.core.StandardWrapperValve invoke
SEVERE: Allocate exception for servlet ShoppingCart
java.lang.ClassCastException: ShoppingCart cannot be cast to javax.servlet.Servlet
	at org.apache.catalina.core.StandardWrapper.loadServlet(StandardWrapper.java:1137)
	at org.apache.catalina.core.StandardWrapper.allocate(StandardWrapper.java:858)
	at org.apache.catalina.core.StandardWrapperValve.invoke(StandardWrapperValve.java:136)
	at org.apache.catalina.core.StandardContextValve.invoke(StandardContextValve.java:123)
	at org.apache.catalina.core.StandardHostValve.invoke(StandardHostValve.java:171)
	at org.apache.catalina.valves.ErrorReportValve.invoke(ErrorReportValve.java:99)
	at org.apache.catalina.valves.AccessLogValve.invoke(AccessLogValve.java:936)
	at org.apache.catalina.core.StandardEngineValve.invoke(StandardEngineValve.java:118)
	at org.apache.catalina.connector.CoyoteAdapter.service(CoyoteAdapter.java:407)
	at org.apache.coyote.http11.AbstractHttp11Processor.process(AbstractHttp11Processor.java:1004)
	at org.apache.coyote.AbstractProtocol$AbstractConnectionHandler.process(AbstractProtocol.java:589)
	at org.apache.tomcat.util.net.JIoEndpoint$SocketProcessor.run(JIoEndpoint.java:310)
	at java.util.concurrent.ThreadPoolExecutor.runWorker(ThreadPoolExecutor.java:1145)
	at java.util.concurrent.ThreadPoolExecutor$Worker.run(ThreadPoolExecutor.java:615)
	at java.lang.Thread.run(Thread.java:745)

Jan 31, 2016 7:40:34 PM org.apache.catalina.core.ApplicationContext log
INFO: Marking servlet Phones as unavailable
Jan 31, 2016 7:40:34 PM org.apache.catalina.core.StandardWrapperValve invoke
SEVERE: Allocate exception for servlet Phones
java.lang.ClassNotFoundException: Phones
	at org.apache.catalina.loader.WebappClassLoader.loadClass(WebappClassLoader.java:1714)
	at org.apache.catalina.loader.WebappClassLoader.loadClass(WebappClassLoader.java:1559)
	at org.apache.catalina.core.DefaultInstanceManager.loadClass(DefaultInstanceManager.java:532)
	at org.apache.catalina.core.DefaultInstanceManager.loadClassMaybePrivileged(DefaultInstanceManager.java:514)
	at org.apache.catalina.core.DefaultInstanceManager.newInstance(DefaultInstanceManager.java:133)
	at org.apache.catalina.core.StandardWrapper.loadServlet(StandardWrapper.java:1137)
	at org.apache.catalina.core.StandardWrapper.allocate(StandardWrapper.java:858)
	at org.apache.catalina.core.StandardWrapperValve.invoke(StandardWrapperValve.java:136)
	at org.apache.catalina.core.StandardContextValve.invoke(StandardContextValve.java:123)
	at org.apache.catalina.core.StandardHostValve.invoke(StandardHostValve.java:171)
	at org.apache.catalina.valves.ErrorReportValve.invoke(ErrorReportValve.java:99)
	at org.apache.catalina.valves.AccessLogValve.invoke(AccessLogValve.java:936)
	at org.apache.catalina.core.StandardEngineValve.invoke(StandardEngineValve.java:118)
	at org.apache.catalina.connector.CoyoteAdapter.service(CoyoteAdapter.java:407)
	at org.apache.coyote.http11.AbstractHttp11Processor.process(AbstractHttp11Processor.java:1004)
	at org.apache.coyote.AbstractProtocol$AbstractConnectionHandler.process(AbstractProtocol.java:589)
	at org.apache.tomcat.util.net.JIoEndpoint$SocketProcessor.run(JIoEndpoint.java:310)
	at java.util.concurrent.ThreadPoolExecutor.runWorker(ThreadPoolExecutor.java:1145)
	at java.util.concurrent.ThreadPoolExecutor$Worker.run(ThreadPoolExecutor.java:615)
	at java.lang.Thread.run(Thread.java:745)

